  [1m[36m (109.7ms)[0m  [1mCREATE TABLE "schema_migrations" ("version" character varying NOT NULL) [0m
  [1m[35m (1.5ms)[0m  CREATE UNIQUE INDEX  "unique_schema_migrations" ON "schema_migrations"  ("version")
  [1m[36mActiveRecord::SchemaMigration Load (0.6ms)[0m  [1mSELECT "schema_migrations".* FROM "schema_migrations"[0m
Migrating to CreateDishes (20150828181130)
  [1m[35m (0.2ms)[0m  BEGIN
  [1m[36m (82.2ms)[0m  [1mCREATE TABLE "dishes" ("id" serial primary key, "name" character varying NOT NULL, "created_at" timestamp NOT NULL, "updated_at" timestamp NOT NULL) [0m
  [1m[35mSQL (0.3ms)[0m  INSERT INTO "schema_migrations" ("version") VALUES ($1)  [["version", "20150828181130"]]
  [1m[36m (15.7ms)[0m  [1mCOMMIT[0m
Migrating to CreateItems (20150828181507)
  [1m[35m (15.5ms)[0m  BEGIN
  [1m[36m (3.7ms)[0m  [1mCREATE TABLE "items" ("id" serial primary key, "name" character varying NOT NULL, "dish_id" integer NOT NULL, "created_at" timestamp NOT NULL, "updated_at" timestamp NOT NULL) [0m
  [1m[35mSQL (0.2ms)[0m  INSERT INTO "schema_migrations" ("version") VALUES ($1)  [["version", "20150828181507"]]
  [1m[36m (0.6ms)[0m  [1mCOMMIT[0m
Migrating to CreateIngredients (20150828181527)
  [1m[35m (16.5ms)[0m  BEGIN
  [1m[36m (18.1ms)[0m  [1mCREATE TABLE "ingredients" ("id" serial primary key, "name" character varying NOT NULL, "item_id" integer NOT NULL, "created_at" timestamp NOT NULL, "updated_at" timestamp NOT NULL) [0m
  [1m[35mSQL (0.2ms)[0m  INSERT INTO "schema_migrations" ("version") VALUES ($1)  [["version", "20150828181527"]]
  [1m[36m (0.6ms)[0m  [1mCOMMIT[0m
  [1m[35mActiveRecord::SchemaMigration Load (0.3ms)[0m  SELECT "schema_migrations".* FROM "schema_migrations"
  [1m[36m (15.4ms)[0m  [1mSELECT t2.oid::regclass::text AS to_table, a1.attname AS column, a2.attname AS primary_key, c.conname AS name, c.confupdtype AS on_update, c.confdeltype AS on_delete
FROM pg_constraint c
JOIN pg_class t1 ON c.conrelid = t1.oid
JOIN pg_class t2 ON c.confrelid = t2.oid
JOIN pg_attribute a1 ON a1.attnum = c.conkey[1] AND a1.attrelid = t1.oid
JOIN pg_attribute a2 ON a2.attnum = c.confkey[1] AND a2.attrelid = t2.oid
JOIN pg_namespace t3 ON c.connamespace = t3.oid
WHERE c.contype = 'f'
  AND t1.relname = 'dishes'
  AND t3.nspname = ANY (current_schemas(false))
ORDER BY c.conname
[0m
  [1m[35m (2.5ms)[0m  SELECT t2.oid::regclass::text AS to_table, a1.attname AS column, a2.attname AS primary_key, c.conname AS name, c.confupdtype AS on_update, c.confdeltype AS on_delete
FROM pg_constraint c
JOIN pg_class t1 ON c.conrelid = t1.oid
JOIN pg_class t2 ON c.confrelid = t2.oid
JOIN pg_attribute a1 ON a1.attnum = c.conkey[1] AND a1.attrelid = t1.oid
JOIN pg_attribute a2 ON a2.attnum = c.confkey[1] AND a2.attrelid = t2.oid
JOIN pg_namespace t3 ON c.connamespace = t3.oid
WHERE c.contype = 'f'
  AND t1.relname = 'ingredients'
  AND t3.nspname = ANY (current_schemas(false))
ORDER BY c.conname

  [1m[36m (3.1ms)[0m  [1mSELECT t2.oid::regclass::text AS to_table, a1.attname AS column, a2.attname AS primary_key, c.conname AS name, c.confupdtype AS on_update, c.confdeltype AS on_delete
FROM pg_constraint c
JOIN pg_class t1 ON c.conrelid = t1.oid
JOIN pg_class t2 ON c.confrelid = t2.oid
JOIN pg_attribute a1 ON a1.attnum = c.conkey[1] AND a1.attrelid = t1.oid
JOIN pg_attribute a2 ON a2.attnum = c.confkey[1] AND a2.attrelid = t2.oid
JOIN pg_namespace t3 ON c.connamespace = t3.oid
WHERE c.contype = 'f'
  AND t1.relname = 'items'
  AND t3.nspname = ANY (current_schemas(false))
ORDER BY c.conname
[0m
  [1m[36m (0.3ms)[0m  [1mBEGIN[0m
  [1m[35mSQL (13.9ms)[0m  INSERT INTO "dishes" ("name", "created_at", "updated_at") VALUES ($1, $2, $3) RETURNING "id"  [["name", "BreakFast"], ["created_at", "2015-08-28 18:18:50.824025"], ["updated_at", "2015-08-28 18:18:50.824025"]]
  [1m[36m (0.5ms)[0m  [1mCOMMIT[0m
  [1m[35mDish Load (0.6ms)[0m  SELECT "dishes".* FROM "dishes"
  [1m[36m (0.2ms)[0m  [1mBEGIN[0m
  [1m[35mSQL (40.3ms)[0m  INSERT INTO "items" ("name", "dish_id", "created_at", "updated_at") VALUES ($1, $2, $3, $4) RETURNING "id"  [["name", "toast"], ["dish_id", 1], ["created_at", "2015-08-28 18:19:20.450021"], ["updated_at", "2015-08-28 18:19:20.450021"]]
  [1m[36m (0.5ms)[0m  [1mCOMMIT[0m
  [1m[35m (0.1ms)[0m  BEGIN
  [1m[36mSQL (4.8ms)[0m  [1mINSERT INTO "ingredients" ("name", "item_id", "created_at", "updated_at") VALUES ($1, $2, $3, $4) RETURNING "id"[0m  [["name", "bread"], ["item_id", 1], ["created_at", "2015-08-28 18:19:48.175836"], ["updated_at", "2015-08-28 18:19:48.175836"]]
  [1m[35m (0.5ms)[0m  COMMIT
  [1m[36m (0.2ms)[0m  [1mBEGIN[0m
  [1m[35mSQL (0.3ms)[0m  INSERT INTO "ingredients" ("name", "item_id", "created_at", "updated_at") VALUES ($1, $2, $3, $4) RETURNING "id"  [["name", "butter"], ["item_id", 1], ["created_at", "2015-08-28 18:19:59.920102"], ["updated_at", "2015-08-28 18:19:59.920102"]]
  [1m[36m (0.6ms)[0m  [1mCOMMIT[0m
  [1m[35mDish Load (0.9ms)[0m  SELECT  "dishes".* FROM "dishes"  ORDER BY "dishes"."id" ASC LIMIT 1
  [1m[36mDish Load (0.6ms)[0m  [1mSELECT  "dishes".* FROM "dishes"  ORDER BY "dishes"."id" ASC LIMIT 1[0m
  [1m[35mItem Load (0.3ms)[0m  SELECT "items".* FROM "items" WHERE "items"."dish_id" = $1  [["dish_id", 1]]
  [1m[36mDish Load (0.6ms)[0m  [1mSELECT  "dishes".* FROM "dishes"  ORDER BY "dishes"."id" ASC LIMIT 1[0m
  [1m[35mItem Load (0.3ms)[0m  SELECT  "items".* FROM "items" WHERE "items"."dish_id" = $1  ORDER BY "items"."id" ASC LIMIT 1  [["dish_id", 1]]
  [1m[36mIngredient Load (0.3ms)[0m  [1mSELECT "ingredients".* FROM "ingredients" WHERE "ingredients"."item_id" = $1[0m  [["item_id", 1]]
  [1m[36mDish Load (0.7ms)[0m  [1mSELECT "dishes".* FROM "dishes"[0m
  [1m[35mItem Load (0.6ms)[0m  SELECT "items".* FROM "items" WHERE "items"."dish_id" IN (1)
  [1m[36mDish Load (1.1ms)[0m  [1mSELECT "dishes".* FROM "dishes"[0m
  [1m[35mItem Load (0.4ms)[0m  SELECT "items".* FROM "items" WHERE "items"."dish_id" IN (1)
  [1m[36mIngredient Load (0.4ms)[0m  [1mSELECT "ingredients".* FROM "ingredients" WHERE "ingredients"."item_id" = $1[0m  [["item_id", 1]]
  [1m[35mDish Load (0.7ms)[0m  SELECT "dishes".* FROM "dishes"
  [1m[36mItem Load (0.3ms)[0m  [1mSELECT "items".* FROM "items" WHERE "items"."dish_id" IN (1)[0m
  [1m[35mIngredient Load (0.4ms)[0m  SELECT "ingredients".* FROM "ingredients" WHERE "ingredients"."item_id" IN (1)


Started GET "/" for ::1 at 2015-08-28 14:34:43 -0400
  [1m[36mActiveRecord::SchemaMigration Load (0.5ms)[0m  [1mSELECT "schema_migrations".* FROM "schema_migrations"[0m
Processing by Rails::WelcomeController#index as HTML
  Rendered /Users/manentea/.rbenv/versions/2.0.0-p481/lib/ruby/gems/2.0.0/gems/railties-4.2.1/lib/rails/templates/rails/welcome/index.html.erb (1.9ms)
Completed 200 OK in 53ms (Views: 32.0ms | ActiveRecord: 0.0ms)


Started GET "/" for ::1 at 2015-08-28 14:35:46 -0400
  [1m[36mActiveRecord::SchemaMigration Load (0.5ms)[0m  [1mSELECT "schema_migrations".* FROM "schema_migrations"[0m
Processing by DishesController#index as HTML
  [1m[35mDish Load (0.5ms)[0m  SELECT "dishes".* FROM "dishes"
  [1m[36mItem Load (0.5ms)[0m  [1mSELECT "items".* FROM "items" WHERE "items"."dish_id" IN (1)[0m
  [1m[35mIngredient Load (0.5ms)[0m  SELECT "ingredients".* FROM "ingredients" WHERE "ingredients"."item_id" IN (1)
Completed 500 Internal Server Error in 185ms (ActiveRecord: 6.8ms)

ActionView::MissingTemplate (Missing partial dishes/_dish with {:locale=>[:en], :formats=>[:html], :variants=>[], :handlers=>[:erb, :builder, :raw, :ruby, :coffee, :jbuilder]}. Searched in:
  * "/Users/manentea/Desktop/random/lake-bodom/assignment/assignment/app/views"
):
  app/controllers/dishes_controller.rb:5:in `index'


  Rendered /Users/manentea/.rbenv/versions/2.0.0-p481/lib/ruby/gems/2.0.0/gems/actionpack-4.2.1/lib/action_dispatch/middleware/templates/rescues/_source.erb (6.9ms)
  Rendered /Users/manentea/.rbenv/versions/2.0.0-p481/lib/ruby/gems/2.0.0/gems/actionpack-4.2.1/lib/action_dispatch/middleware/templates/rescues/_trace.html.erb (3.3ms)
  Rendered /Users/manentea/.rbenv/versions/2.0.0-p481/lib/ruby/gems/2.0.0/gems/actionpack-4.2.1/lib/action_dispatch/middleware/templates/rescues/_request_and_response.html.erb (1.1ms)
  Rendered /Users/manentea/.rbenv/versions/2.0.0-p481/lib/ruby/gems/2.0.0/gems/actionpack-4.2.1/lib/action_dispatch/middleware/templates/rescues/missing_template.html.erb within rescues/layout (38.0ms)
  Rendered /Users/manentea/.rbenv/versions/2.0.0-p481/lib/ruby/gems/2.0.0/gems/web-console-2.2.1/lib/web_console/templates/_markup.html.erb (0.4ms)
  Rendered /Users/manentea/.rbenv/versions/2.0.0-p481/lib/ruby/gems/2.0.0/gems/web-console-2.2.1/lib/web_console/templates/_inner_console_markup.html.erb within layouts/inlined_string (0.5ms)
  Rendered /Users/manentea/.rbenv/versions/2.0.0-p481/lib/ruby/gems/2.0.0/gems/web-console-2.2.1/lib/web_console/templates/_prompt_box_markup.html.erb within layouts/inlined_string (0.3ms)
  Rendered /Users/manentea/.rbenv/versions/2.0.0-p481/lib/ruby/gems/2.0.0/gems/web-console-2.2.1/lib/web_console/templates/style.css.erb within layouts/inlined_string (0.4ms)
  Rendered /Users/manentea/.rbenv/versions/2.0.0-p481/lib/ruby/gems/2.0.0/gems/web-console-2.2.1/lib/web_console/templates/console.js.erb within layouts/javascript (29.3ms)
  Rendered /Users/manentea/.rbenv/versions/2.0.0-p481/lib/ruby/gems/2.0.0/gems/web-console-2.2.1/lib/web_console/templates/main.js.erb within layouts/javascript (0.3ms)
  Rendered /Users/manentea/.rbenv/versions/2.0.0-p481/lib/ruby/gems/2.0.0/gems/web-console-2.2.1/lib/web_console/templates/error_page.js.erb within layouts/javascript (0.5ms)
  Rendered /Users/manentea/.rbenv/versions/2.0.0-p481/lib/ruby/gems/2.0.0/gems/web-console-2.2.1/lib/web_console/templates/index.html.erb (71.9ms)


Started GET "/" for ::1 at 2015-08-28 14:36:06 -0400
Processing by DishesController#index as HTML
  [1m[36mDish Load (0.3ms)[0m  [1mSELECT "dishes".* FROM "dishes"[0m
  [1m[35mItem Load (0.3ms)[0m  SELECT "items".* FROM "items" WHERE "items"."dish_id" IN (1)
  [1m[36mIngredient Load (0.3ms)[0m  [1mSELECT "ingredients".* FROM "ingredients" WHERE "ingredients"."item_id" IN (1)[0m
  Rendered dishes/_dish.html.erb (0.5ms)
Completed 200 OK in 39ms (Views: 37.9ms | ActiveRecord: 0.9ms)


Started GET "/" for ::1 at 2015-08-28 14:36:30 -0400
Processing by DishesController#index as HTML
  [1m[35mDish Load (0.3ms)[0m  SELECT "dishes".* FROM "dishes"
  [1m[36mItem Load (0.3ms)[0m  [1mSELECT "items".* FROM "items" WHERE "items"."dish_id" IN (1)[0m
  [1m[35mIngredient Load (0.3ms)[0m  SELECT "ingredients".* FROM "ingredients" WHERE "ingredients"."item_id" IN (1)
  Rendered dishes/_dish.html.erb (0.1ms)
Completed 200 OK in 7ms (Views: 5.0ms | ActiveRecord: 1.0ms)


Started GET "/" for ::1 at 2015-08-28 14:36:33 -0400
Processing by DishesController#index as HTML
  [1m[36mDish Load (0.3ms)[0m  [1mSELECT "dishes".* FROM "dishes"[0m
  [1m[35mItem Load (0.3ms)[0m  SELECT "items".* FROM "items" WHERE "items"."dish_id" IN (1)
  [1m[36mIngredient Load (0.2ms)[0m  [1mSELECT "ingredients".* FROM "ingredients" WHERE "ingredients"."item_id" IN (1)[0m
  Rendered dishes/_dish.html.erb (0.1ms)
Completed 200 OK in 5ms (Views: 3.9ms | ActiveRecord: 0.8ms)


Started GET "/" for ::1 at 2015-08-28 14:37:01 -0400
Processing by DishesController#index as HTML
  [1m[35mDish Load (0.3ms)[0m  SELECT "dishes".* FROM "dishes"
  [1m[36mItem Load (0.3ms)[0m  [1mSELECT "items".* FROM "items" WHERE "items"."dish_id" IN (1)[0m
  [1m[35mIngredient Load (0.2ms)[0m  SELECT "ingredients".* FROM "ingredients" WHERE "ingredients"."item_id" IN (1)
  Rendered dishes/_dish.html.erb (0.5ms)
Completed 200 OK in 5ms (Views: 3.8ms | ActiveRecord: 0.8ms)


Started GET "/" for ::1 at 2015-08-28 14:37:51 -0400
Processing by DishesController#index as HTML
  [1m[36mDish Load (0.3ms)[0m  [1mSELECT "dishes".* FROM "dishes"[0m
  [1m[35mItem Load (0.4ms)[0m  SELECT "items".* FROM "items" WHERE "items"."dish_id" IN (1)
  [1m[36mIngredient Load (0.3ms)[0m  [1mSELECT "ingredients".* FROM "ingredients" WHERE "ingredients"."item_id" IN (1)[0m
  Rendered dishes/_dish.html.erb (13.5ms)
Completed 500 Internal Server Error in 20ms (ActiveRecord: 0.9ms)

ActionView::Template::Error (Missing partial items/_item with {:locale=>[:en], :formats=>[:html], :variants=>[], :handlers=>[:erb, :builder, :raw, :ruby, :coffee, :jbuilder]}. Searched in:
  * "/Users/manentea/Desktop/random/lake-bodom/assignment/assignment/app/views"
):
    1: <h2> <%= dish.name %> </h2>
    2:   <div>Items: </div>
    3:     <%= render dish.items %>
  app/views/dishes/_dish.html.erb:3:in `_app_views_dishes__dish_html_erb__3674472765822594765_70315662345280'
  app/controllers/dishes_controller.rb:5:in `index'


  Rendered /Users/manentea/.rbenv/versions/2.0.0-p481/lib/ruby/gems/2.0.0/gems/actionpack-4.2.1/lib/action_dispatch/middleware/templates/rescues/_source.erb (56.0ms)
  Rendered /Users/manentea/.rbenv/versions/2.0.0-p481/lib/ruby/gems/2.0.0/gems/actionpack-4.2.1/lib/action_dispatch/middleware/templates/rescues/_trace.html.erb (3.0ms)
  Rendered /Users/manentea/.rbenv/versions/2.0.0-p481/lib/ruby/gems/2.0.0/gems/actionpack-4.2.1/lib/action_dispatch/middleware/templates/rescues/_request_and_response.html.erb (0.9ms)
  Rendered /Users/manentea/.rbenv/versions/2.0.0-p481/lib/ruby/gems/2.0.0/gems/actionpack-4.2.1/lib/action_dispatch/middleware/templates/rescues/template_error.html.erb within rescues/layout (74.1ms)
  Rendered /Users/manentea/.rbenv/versions/2.0.0-p481/lib/ruby/gems/2.0.0/gems/web-console-2.2.1/lib/web_console/templates/_markup.html.erb (0.3ms)
  Rendered /Users/manentea/.rbenv/versions/2.0.0-p481/lib/ruby/gems/2.0.0/gems/web-console-2.2.1/lib/web_console/templates/_inner_console_markup.html.erb within layouts/inlined_string (0.3ms)
  Rendered /Users/manentea/.rbenv/versions/2.0.0-p481/lib/ruby/gems/2.0.0/gems/web-console-2.2.1/lib/web_console/templates/_prompt_box_markup.html.erb within layouts/inlined_string (0.3ms)
  Rendered /Users/manentea/.rbenv/versions/2.0.0-p481/lib/ruby/gems/2.0.0/gems/web-console-2.2.1/lib/web_console/templates/style.css.erb within layouts/inlined_string (0.4ms)
  Rendered /Users/manentea/.rbenv/versions/2.0.0-p481/lib/ruby/gems/2.0.0/gems/web-console-2.2.1/lib/web_console/templates/console.js.erb within layouts/javascript (17.0ms)
  Rendered /Users/manentea/.rbenv/versions/2.0.0-p481/lib/ruby/gems/2.0.0/gems/web-console-2.2.1/lib/web_console/templates/main.js.erb within layouts/javascript (0.2ms)
  Rendered /Users/manentea/.rbenv/versions/2.0.0-p481/lib/ruby/gems/2.0.0/gems/web-console-2.2.1/lib/web_console/templates/error_page.js.erb within layouts/javascript (0.4ms)
  Rendered /Users/manentea/.rbenv/versions/2.0.0-p481/lib/ruby/gems/2.0.0/gems/web-console-2.2.1/lib/web_console/templates/index.html.erb (34.4ms)


Started GET "/" for ::1 at 2015-08-28 14:38:19 -0400
Processing by DishesController#index as HTML
  [1m[35mDish Load (0.3ms)[0m  SELECT "dishes".* FROM "dishes"
  [1m[36mItem Load (0.2ms)[0m  [1mSELECT "items".* FROM "items" WHERE "items"."dish_id" IN (1)[0m
  [1m[35mIngredient Load (0.4ms)[0m  SELECT "ingredients".* FROM "ingredients" WHERE "ingredients"."item_id" IN (1)
  Rendered items/_item.html.erb (0.4ms)
  Rendered dishes/_dish.html.erb (1.8ms)
Completed 200 OK in 8ms (Views: 6.2ms | ActiveRecord: 1.0ms)


Started GET "/" for ::1 at 2015-08-28 14:38:29 -0400
Processing by DishesController#index as HTML
  [1m[36mDish Load (0.3ms)[0m  [1mSELECT "dishes".* FROM "dishes"[0m
  [1m[35mItem Load (0.4ms)[0m  SELECT "items".* FROM "items" WHERE "items"."dish_id" IN (1)
  [1m[36mIngredient Load (0.3ms)[0m  [1mSELECT "ingredients".* FROM "ingredients" WHERE "ingredients"."item_id" IN (1)[0m
  Rendered items/_item.html.erb (0.5ms)
  Rendered dishes/_dish.html.erb (1.6ms)
Completed 200 OK in 7ms (Views: 5.8ms | ActiveRecord: 0.9ms)


Started GET "/" for ::1 at 2015-08-28 14:38:55 -0400
Processing by DishesController#index as HTML
  [1m[35mDish Load (0.3ms)[0m  SELECT "dishes".* FROM "dishes"
  [1m[36mItem Load (0.2ms)[0m  [1mSELECT "items".* FROM "items" WHERE "items"."dish_id" IN (1)[0m
  [1m[35mIngredient Load (0.2ms)[0m  SELECT "ingredients".* FROM "ingredients" WHERE "ingredients"."item_id" IN (1)
  Rendered items/_item.html.erb (3.1ms)
  Rendered dishes/_dish.html.erb (4.3ms)
Completed 500 Internal Server Error in 10ms (ActiveRecord: 0.8ms)

ActionView::Template::Error (Missing partial ingredients/_ingredient with {:locale=>[:en], :formats=>[:html], :variants=>[], :handlers=>[:erb, :builder, :raw, :ruby, :coffee, :jbuilder]}. Searched in:
  * "/Users/manentea/Desktop/random/lake-bodom/assignment/assignment/app/views"
):
    1: <div><%= item.name %></div>
    2: <div>Ingredients</div>
    3: <%= render item.ingredients %>
  app/views/items/_item.html.erb:3:in `_app_views_items__item_html_erb__83235748962477403_70315655490160'
  app/views/dishes/_dish.html.erb:3:in `_app_views_dishes__dish_html_erb__3674472765822594765_70315662345280'
  app/controllers/dishes_controller.rb:5:in `index'


  Rendered /Users/manentea/.rbenv/versions/2.0.0-p481/lib/ruby/gems/2.0.0/gems/actionpack-4.2.1/lib/action_dispatch/middleware/templates/rescues/_source.erb (9.4ms)
  Rendered /Users/manentea/.rbenv/versions/2.0.0-p481/lib/ruby/gems/2.0.0/gems/actionpack-4.2.1/lib/action_dispatch/middleware/templates/rescues/_trace.html.erb (50.6ms)
  Rendered /Users/manentea/.rbenv/versions/2.0.0-p481/lib/ruby/gems/2.0.0/gems/actionpack-4.2.1/lib/action_dispatch/middleware/templates/rescues/_request_and_response.html.erb (1.0ms)
  Rendered /Users/manentea/.rbenv/versions/2.0.0-p481/lib/ruby/gems/2.0.0/gems/actionpack-4.2.1/lib/action_dispatch/middleware/templates/rescues/template_error.html.erb within rescues/layout (73.6ms)
  Rendered /Users/manentea/.rbenv/versions/2.0.0-p481/lib/ruby/gems/2.0.0/gems/web-console-2.2.1/lib/web_console/templates/_markup.html.erb (0.3ms)
  Rendered /Users/manentea/.rbenv/versions/2.0.0-p481/lib/ruby/gems/2.0.0/gems/web-console-2.2.1/lib/web_console/templates/_inner_console_markup.html.erb within layouts/inlined_string (0.3ms)
  Rendered /Users/manentea/.rbenv/versions/2.0.0-p481/lib/ruby/gems/2.0.0/gems/web-console-2.2.1/lib/web_console/templates/_prompt_box_markup.html.erb within layouts/inlined_string (0.3ms)
  Rendered /Users/manentea/.rbenv/versions/2.0.0-p481/lib/ruby/gems/2.0.0/gems/web-console-2.2.1/lib/web_console/templates/style.css.erb within layouts/inlined_string (0.3ms)
  Rendered /Users/manentea/.rbenv/versions/2.0.0-p481/lib/ruby/gems/2.0.0/gems/web-console-2.2.1/lib/web_console/templates/console.js.erb within layouts/javascript (14.4ms)
  Rendered /Users/manentea/.rbenv/versions/2.0.0-p481/lib/ruby/gems/2.0.0/gems/web-console-2.2.1/lib/web_console/templates/main.js.erb within layouts/javascript (0.3ms)
  Rendered /Users/manentea/.rbenv/versions/2.0.0-p481/lib/ruby/gems/2.0.0/gems/web-console-2.2.1/lib/web_console/templates/error_page.js.erb within layouts/javascript (0.4ms)
  Rendered /Users/manentea/.rbenv/versions/2.0.0-p481/lib/ruby/gems/2.0.0/gems/web-console-2.2.1/lib/web_console/templates/index.html.erb (30.9ms)


Started GET "/" for ::1 at 2015-08-28 14:39:25 -0400
Processing by DishesController#index as HTML
  [1m[36mDish Load (0.3ms)[0m  [1mSELECT "dishes".* FROM "dishes"[0m
  [1m[35mItem Load (0.2ms)[0m  SELECT "items".* FROM "items" WHERE "items"."dish_id" IN (1)
  [1m[36mIngredient Load (0.2ms)[0m  [1mSELECT "ingredients".* FROM "ingredients" WHERE "ingredients"."item_id" IN (1)[0m
  Rendered ingredients/_ingredient.html.erb (0.5ms)
  Rendered items/_item.html.erb (1.9ms)
  Rendered dishes/_dish.html.erb (9.6ms)
Completed 200 OK in 15ms (Views: 13.8ms | ActiveRecord: 0.8ms)


Started GET "/" for ::1 at 2015-08-28 14:39:45 -0400
Processing by DishesController#index as HTML
  [1m[35mDish Load (0.3ms)[0m  SELECT "dishes".* FROM "dishes"
  [1m[36mItem Load (0.3ms)[0m  [1mSELECT "items".* FROM "items" WHERE "items"."dish_id" IN (1)[0m
  [1m[35mIngredient Load (0.2ms)[0m  SELECT "ingredients".* FROM "ingredients" WHERE "ingredients"."item_id" IN (1)
  Rendered ingredients/_ingredient.html.erb (0.1ms)
  Rendered items/_item.html.erb (1.8ms)
  Rendered dishes/_dish.html.erb (2.8ms)
Completed 200 OK in 9ms (Views: 7.1ms | ActiveRecord: 0.8ms)


Started GET "/" for ::1 at 2015-08-28 14:39:56 -0400
Processing by DishesController#index as HTML
  [1m[36mDish Load (0.3ms)[0m  [1mSELECT "dishes".* FROM "dishes"[0m
  [1m[35mItem Load (0.3ms)[0m  SELECT "items".* FROM "items" WHERE "items"."dish_id" IN (1)
  [1m[36mIngredient Load (0.2ms)[0m  [1mSELECT "ingredients".* FROM "ingredients" WHERE "ingredients"."item_id" IN (1)[0m
  Rendered ingredients/_ingredient.html.erb (0.1ms)
  Rendered items/_item.html.erb (1.3ms)
  Rendered dishes/_dish.html.erb (3.0ms)
Completed 200 OK in 9ms (Views: 7.2ms | ActiveRecord: 0.8ms)


Started GET "/" for ::1 at 2015-08-28 14:46:00 -0400
Processing by DishesController#index as HTML
  [1m[35mDish Load (0.4ms)[0m  SELECT "dishes".* FROM "dishes"
  [1m[36mItem Load (0.3ms)[0m  [1mSELECT "items".* FROM "items" WHERE "items"."dish_id" IN (1)[0m
  [1m[35mIngredient Load (0.3ms)[0m  SELECT "ingredients".* FROM "ingredients" WHERE "ingredients"."item_id" IN (1)
  Rendered ingredients/_ingredient.html.erb (0.1ms)
  Rendered items/_item.html.erb (1.6ms)
  Rendered dishes/_dish.html.erb (3.7ms)
Completed 200 OK in 78ms (Views: 54.4ms | ActiveRecord: 5.3ms)


Started GET "/" for ::1 at 2015-08-28 14:46:03 -0400
Processing by DishesController#index as HTML
  [1m[36mDish Load (0.3ms)[0m  [1mSELECT "dishes".* FROM "dishes"[0m
  [1m[35mItem Load (0.2ms)[0m  SELECT "items".* FROM "items" WHERE "items"."dish_id" IN (1)
  [1m[36mIngredient Load (0.2ms)[0m  [1mSELECT "ingredients".* FROM "ingredients" WHERE "ingredients"."item_id" IN (1)[0m
  Rendered ingredients/_ingredient.html.erb (0.1ms)
  Rendered items/_item.html.erb (1.0ms)
  Rendered dishes/_dish.html.erb (1.9ms)
Completed 200 OK in 7ms (Views: 5.8ms | ActiveRecord: 0.7ms)


Started GET "/" for ::1 at 2015-08-28 14:46:22 -0400
Processing by DishesController#index as HTML
  [1m[35mDish Load (0.4ms)[0m  SELECT "dishes".* FROM "dishes"
  [1m[36mItem Load (0.3ms)[0m  [1mSELECT "items".* FROM "items" WHERE "items"."dish_id" IN (1)[0m
  [1m[35mIngredient Load (0.2ms)[0m  SELECT "ingredients".* FROM "ingredients" WHERE "ingredients"."item_id" IN (1)
  Rendered ingredients/_ingredient.html.erb (0.1ms)
  Rendered items/_item.html.erb (1.0ms)
  Rendered dishes/_dish.html.erb (2.0ms)
Completed 200 OK in 7ms (Views: 5.8ms | ActiveRecord: 0.9ms)


Started GET "/" for ::1 at 2015-08-28 14:46:44 -0400
Processing by DishesController#index as HTML
  [1m[36mDish Load (0.3ms)[0m  [1mSELECT "dishes".* FROM "dishes"[0m
  [1m[35mItem Load (0.3ms)[0m  SELECT "items".* FROM "items" WHERE "items"."dish_id" IN (1)
  [1m[36mIngredient Load (0.2ms)[0m  [1mSELECT "ingredients".* FROM "ingredients" WHERE "ingredients"."item_id" IN (1)[0m
  Rendered ingredients/_ingredient.html.erb (0.1ms)
  Rendered items/_item.html.erb (1.0ms)
  Rendered dishes/_dish.html.erb (2.7ms)
Completed 200 OK in 51ms (Views: 49.4ms | ActiveRecord: 0.8ms)


Started GET "/" for ::1 at 2015-08-28 14:51:15 -0400
Processing by DishesController#index as HTML
  [1m[35mDish Load (0.3ms)[0m  SELECT "dishes".* FROM "dishes"
  [1m[36mItem Load (0.2ms)[0m  [1mSELECT "items".* FROM "items" WHERE "items"."dish_id" IN (1)[0m
  [1m[35mIngredient Load (0.3ms)[0m  SELECT "ingredients".* FROM "ingredients" WHERE "ingredients"."item_id" IN (1)
  Rendered ingredients/_ingredient.html.erb (0.2ms)
  Rendered items/_item.html.erb (17.8ms)
  Rendered dishes/_dish.html.erb (27.5ms)
  Rendered dishes/index.html.erb within layouts/application (80.5ms)
Completed 200 OK in 2710ms (Views: 2686.4ms | ActiveRecord: 4.8ms)


Started GET "/assets/dish.self-e3b0c44298fc1c149afbf4c8996fb92427ae41e4649b934ca495991b7852b855.css?body=1" for ::1 at 2015-08-28 14:51:18 -0400


Started GET "/assets/items.self-e3b0c44298fc1c149afbf4c8996fb92427ae41e4649b934ca495991b7852b855.css?body=1" for ::1 at 2015-08-28 14:51:18 -0400


Started GET "/assets/ingredients.self-e3b0c44298fc1c149afbf4c8996fb92427ae41e4649b934ca495991b7852b855.css?body=1" for ::1 at 2015-08-28 14:51:18 -0400


Started GET "/assets/application.self-e80e8f2318043e8af94dddc2adad5a4f09739a8ebb323b3ab31cd71d45fd9113.css?body=1" for ::1 at 2015-08-28 14:51:18 -0400


Started GET "/assets/dish.self-e3b0c44298fc1c149afbf4c8996fb92427ae41e4649b934ca495991b7852b855.js?body=1" for ::1 at 2015-08-28 14:51:18 -0400


Started GET "/assets/jquery_ujs.self-ca5248a2fad13d6bd58ea121318d642f195f0b2dd818b30615f785ff365e8d1f.js?body=1" for ::1 at 2015-08-28 14:51:18 -0400


Started GET "/assets/jquery.self-d03a5518f45df77341bdbe6201ba3bfa547ebba8ed64f0ea56bfa5f96ea7c074.js?body=1" for ::1 at 2015-08-28 14:51:18 -0400


Started GET "/assets/ingredients.self-877aef30ae1b040ab8a3aba4e3e309a11d7f2612f44dde450b5c157aa5f95c05.js?body=1" for ::1 at 2015-08-28 14:51:18 -0400


Started GET "/assets/turbolinks.self-c37727e9bd6b2735da5c311aa83fead54ed0be6cc8bd9a65309e9c5abe2cbfff.js?body=1" for ::1 at 2015-08-28 14:51:18 -0400


Started GET "/assets/items.self-877aef30ae1b040ab8a3aba4e3e309a11d7f2612f44dde450b5c157aa5f95c05.js?body=1" for ::1 at 2015-08-28 14:51:18 -0400


Started GET "/assets/application.self-3b8dabdc891efe46b9a144b400ad69e37d7e5876bdc39dee783419a69d7ca819.js?body=1" for ::1 at 2015-08-28 14:51:18 -0400


Started GET "/" for ::1 at 2015-08-28 14:52:44 -0400
Processing by DishesController#index as HTML
  [1m[36mDish Load (0.3ms)[0m  [1mSELECT "dishes".* FROM "dishes"[0m
  [1m[35mItem Load (0.3ms)[0m  SELECT "items".* FROM "items" WHERE "items"."dish_id" IN (1)
  [1m[36mIngredient Load (0.2ms)[0m  [1mSELECT "ingredients".* FROM "ingredients" WHERE "ingredients"."item_id" IN (1)[0m
  Rendered ingredients/_ingredient.html.erb (0.1ms)
  Rendered items/_item.html.erb (0.9ms)
  Rendered dishes/_dish.html.erb (2.0ms)
  Rendered dishes/index.html.erb within layouts/application (7.7ms)
Completed 200 OK in 88ms (Views: 85.4ms | ActiveRecord: 0.8ms)


Started GET "/assets/ingredients.self-e3b0c44298fc1c149afbf4c8996fb92427ae41e4649b934ca495991b7852b855.css?body=1" for ::1 at 2015-08-28 14:52:44 -0400


Started GET "/assets/dish.self-e3b0c44298fc1c149afbf4c8996fb92427ae41e4649b934ca495991b7852b855.css?body=1" for ::1 at 2015-08-28 14:52:44 -0400


Started GET "/assets/items.self-e3b0c44298fc1c149afbf4c8996fb92427ae41e4649b934ca495991b7852b855.css?body=1" for ::1 at 2015-08-28 14:52:44 -0400


Started GET "/assets/jquery.self-d03a5518f45df77341bdbe6201ba3bfa547ebba8ed64f0ea56bfa5f96ea7c074.js?body=1" for ::1 at 2015-08-28 14:52:44 -0400


Started GET "/assets/jquery_ujs.self-ca5248a2fad13d6bd58ea121318d642f195f0b2dd818b30615f785ff365e8d1f.js?body=1" for ::1 at 2015-08-28 14:52:44 -0400


Started GET "/assets/application.self-e80e8f2318043e8af94dddc2adad5a4f09739a8ebb323b3ab31cd71d45fd9113.css?body=1" for ::1 at 2015-08-28 14:52:44 -0400


Started GET "/assets/turbolinks.self-c37727e9bd6b2735da5c311aa83fead54ed0be6cc8bd9a65309e9c5abe2cbfff.js?body=1" for ::1 at 2015-08-28 14:52:44 -0400


Started GET "/assets/dish.self-e3b0c44298fc1c149afbf4c8996fb92427ae41e4649b934ca495991b7852b855.js?body=1" for ::1 at 2015-08-28 14:52:44 -0400


Started GET "/assets/ingredients.self-877aef30ae1b040ab8a3aba4e3e309a11d7f2612f44dde450b5c157aa5f95c05.js?body=1" for ::1 at 2015-08-28 14:52:44 -0400


Started GET "/assets/items.self-877aef30ae1b040ab8a3aba4e3e309a11d7f2612f44dde450b5c157aa5f95c05.js?body=1" for ::1 at 2015-08-28 14:52:44 -0400


Started GET "/assets/application.self-3b8dabdc891efe46b9a144b400ad69e37d7e5876bdc39dee783419a69d7ca819.js?body=1" for ::1 at 2015-08-28 14:52:44 -0400


Started GET "/" for ::1 at 2015-08-28 14:53:29 -0400
Processing by DishesController#index as HTML
  Rendered dishes/index.html.erb within layouts/application (2.4ms)
Completed 500 Internal Server Error in 5ms (ActiveRecord: 0.0ms)

ActionView::Template::Error (Missing partial dishes/_new with {:locale=>[:en], :formats=>[:html], :variants=>[], :handlers=>[:erb, :builder, :raw, :ruby, :coffee, :jbuilder]}. Searched in:
  * "/Users/manentea/Desktop/random/lake-bodom/assignment/assignment/app/views"
):
    1: <div class="container">
    2:   <div style='float:left;width:70%'>
    3:     <%= render 'dishes/new' %>
    4:   </div>
    5: 
    6:   <div style='float:right;width:30%;'>
  app/views/dishes/index.html.erb:3:in `_app_views_dishes_index_html_erb__21323151058063560_70315679912800'


  Rendered /Users/manentea/.rbenv/versions/2.0.0-p481/lib/ruby/gems/2.0.0/gems/actionpack-4.2.1/lib/action_dispatch/middleware/templates/rescues/_source.erb (8.8ms)
  Rendered /Users/manentea/.rbenv/versions/2.0.0-p481/lib/ruby/gems/2.0.0/gems/actionpack-4.2.1/lib/action_dispatch/middleware/templates/rescues/_trace.html.erb (2.9ms)
  Rendered /Users/manentea/.rbenv/versions/2.0.0-p481/lib/ruby/gems/2.0.0/gems/actionpack-4.2.1/lib/action_dispatch/middleware/templates/rescues/_request_and_response.html.erb (0.9ms)
  Rendered /Users/manentea/.rbenv/versions/2.0.0-p481/lib/ruby/gems/2.0.0/gems/actionpack-4.2.1/lib/action_dispatch/middleware/templates/rescues/template_error.html.erb within rescues/layout (27.5ms)
  Rendered /Users/manentea/.rbenv/versions/2.0.0-p481/lib/ruby/gems/2.0.0/gems/web-console-2.2.1/lib/web_console/templates/_markup.html.erb (0.4ms)
  Rendered /Users/manentea/.rbenv/versions/2.0.0-p481/lib/ruby/gems/2.0.0/gems/web-console-2.2.1/lib/web_console/templates/_inner_console_markup.html.erb within layouts/inlined_string (0.5ms)
  Rendered /Users/manentea/.rbenv/versions/2.0.0-p481/lib/ruby/gems/2.0.0/gems/web-console-2.2.1/lib/web_console/templates/_prompt_box_markup.html.erb within layouts/inlined_string (0.3ms)
  Rendered /Users/manentea/.rbenv/versions/2.0.0-p481/lib/ruby/gems/2.0.0/gems/web-console-2.2.1/lib/web_console/templates/style.css.erb within layouts/inlined_string (0.4ms)
  Rendered /Users/manentea/.rbenv/versions/2.0.0-p481/lib/ruby/gems/2.0.0/gems/web-console-2.2.1/lib/web_console/templates/console.js.erb within layouts/javascript (50.2ms)
  Rendered /Users/manentea/.rbenv/versions/2.0.0-p481/lib/ruby/gems/2.0.0/gems/web-console-2.2.1/lib/web_console/templates/main.js.erb within layouts/javascript (0.3ms)
  Rendered /Users/manentea/.rbenv/versions/2.0.0-p481/lib/ruby/gems/2.0.0/gems/web-console-2.2.1/lib/web_console/templates/error_page.js.erb within layouts/javascript (0.4ms)
  Rendered /Users/manentea/.rbenv/versions/2.0.0-p481/lib/ruby/gems/2.0.0/gems/web-console-2.2.1/lib/web_console/templates/index.html.erb (78.4ms)


Started GET "/" for ::1 at 2015-08-28 14:53:45 -0400
Processing by DishesController#index as HTML
  Rendered dishes/index.html.erb within layouts/application (2.9ms)
Completed 500 Internal Server Error in 6ms (ActiveRecord: 0.0ms)

ActionView::Template::Error (Missing partial dishes/_new, application/_new with {:locale=>[:en], :formats=>[:html], :variants=>[], :handlers=>[:erb, :builder, :raw, :ruby, :coffee, :jbuilder]}. Searched in:
  * "/Users/manentea/Desktop/random/lake-bodom/assignment/assignment/app/views"
):
    1: <div class="container">
    2:   <div style='float:left;width:70%'>
    3:     <%= render 'new' %>
    4:   </div>
    5: 
    6:   <div style='float:right;width:30%;'>
  app/views/dishes/index.html.erb:3:in `_app_views_dishes_index_html_erb__21323151058063560_70315678109120'


  Rendered /Users/manentea/.rbenv/versions/2.0.0-p481/lib/ruby/gems/2.0.0/gems/actionpack-4.2.1/lib/action_dispatch/middleware/templates/rescues/_source.erb (7.3ms)
  Rendered /Users/manentea/.rbenv/versions/2.0.0-p481/lib/ruby/gems/2.0.0/gems/actionpack-4.2.1/lib/action_dispatch/middleware/templates/rescues/_trace.html.erb (2.6ms)
  Rendered /Users/manentea/.rbenv/versions/2.0.0-p481/lib/ruby/gems/2.0.0/gems/actionpack-4.2.1/lib/action_dispatch/middleware/templates/rescues/_request_and_response.html.erb (0.8ms)
  Rendered /Users/manentea/.rbenv/versions/2.0.0-p481/lib/ruby/gems/2.0.0/gems/actionpack-4.2.1/lib/action_dispatch/middleware/templates/rescues/template_error.html.erb within rescues/layout (23.5ms)
  Rendered /Users/manentea/.rbenv/versions/2.0.0-p481/lib/ruby/gems/2.0.0/gems/web-console-2.2.1/lib/web_console/templates/_markup.html.erb (0.3ms)
  Rendered /Users/manentea/.rbenv/versions/2.0.0-p481/lib/ruby/gems/2.0.0/gems/web-console-2.2.1/lib/web_console/templates/_inner_console_markup.html.erb within layouts/inlined_string (0.3ms)
  Rendered /Users/manentea/.rbenv/versions/2.0.0-p481/lib/ruby/gems/2.0.0/gems/web-console-2.2.1/lib/web_console/templates/_prompt_box_markup.html.erb within layouts/inlined_string (0.3ms)
  Rendered /Users/manentea/.rbenv/versions/2.0.0-p481/lib/ruby/gems/2.0.0/gems/web-console-2.2.1/lib/web_console/templates/style.css.erb within layouts/inlined_string (0.5ms)
  Rendered /Users/manentea/.rbenv/versions/2.0.0-p481/lib/ruby/gems/2.0.0/gems/web-console-2.2.1/lib/web_console/templates/console.js.erb within layouts/javascript (15.4ms)
  Rendered /Users/manentea/.rbenv/versions/2.0.0-p481/lib/ruby/gems/2.0.0/gems/web-console-2.2.1/lib/web_console/templates/main.js.erb within layouts/javascript (0.3ms)
  Rendered /Users/manentea/.rbenv/versions/2.0.0-p481/lib/ruby/gems/2.0.0/gems/web-console-2.2.1/lib/web_console/templates/error_page.js.erb within layouts/javascript (0.4ms)
  Rendered /Users/manentea/.rbenv/versions/2.0.0-p481/lib/ruby/gems/2.0.0/gems/web-console-2.2.1/lib/web_console/templates/index.html.erb (33.1ms)


Started GET "/" for ::1 at 2015-08-28 14:53:59 -0400
Processing by DishesController#index as HTML
  Rendered dishes/_new.html.erb (2.0ms)
  Rendered dishes/index.html.erb within layouts/application (3.3ms)
Completed 500 Internal Server Error in 6ms (ActiveRecord: 0.0ms)

ActionView::Template::Error (First argument in form cannot contain nil or be empty):
    1: <%= form_for @dish do |f| %>
    2:     <%= f.label :name %>
    3:     <%= f.text_field :name %>
    4: <% end %>
  app/views/dishes/_new.html.erb:1:in `_app_views_dishes__new_html_erb__1878694889648354340_70315679138900'
  app/views/dishes/index.html.erb:3:in `_app_views_dishes_index_html_erb__21323151058063560_70315679126540'


  Rendered /Users/manentea/.rbenv/versions/2.0.0-p481/lib/ruby/gems/2.0.0/gems/actionpack-4.2.1/lib/action_dispatch/middleware/templates/rescues/_source.erb (8.7ms)
  Rendered /Users/manentea/.rbenv/versions/2.0.0-p481/lib/ruby/gems/2.0.0/gems/actionpack-4.2.1/lib/action_dispatch/middleware/templates/rescues/_trace.html.erb (2.7ms)
  Rendered /Users/manentea/.rbenv/versions/2.0.0-p481/lib/ruby/gems/2.0.0/gems/actionpack-4.2.1/lib/action_dispatch/middleware/templates/rescues/_request_and_response.html.erb (0.9ms)
  Rendered /Users/manentea/.rbenv/versions/2.0.0-p481/lib/ruby/gems/2.0.0/gems/actionpack-4.2.1/lib/action_dispatch/middleware/templates/rescues/template_error.html.erb within rescues/layout (24.8ms)
  Rendered /Users/manentea/.rbenv/versions/2.0.0-p481/lib/ruby/gems/2.0.0/gems/web-console-2.2.1/lib/web_console/templates/_markup.html.erb (0.3ms)
  Rendered /Users/manentea/.rbenv/versions/2.0.0-p481/lib/ruby/gems/2.0.0/gems/web-console-2.2.1/lib/web_console/templates/_inner_console_markup.html.erb within layouts/inlined_string (0.4ms)
  Rendered /Users/manentea/.rbenv/versions/2.0.0-p481/lib/ruby/gems/2.0.0/gems/web-console-2.2.1/lib/web_console/templates/_prompt_box_markup.html.erb within layouts/inlined_string (0.2ms)
  Rendered /Users/manentea/.rbenv/versions/2.0.0-p481/lib/ruby/gems/2.0.0/gems/web-console-2.2.1/lib/web_console/templates/style.css.erb within layouts/inlined_string (0.3ms)
  Rendered /Users/manentea/.rbenv/versions/2.0.0-p481/lib/ruby/gems/2.0.0/gems/web-console-2.2.1/lib/web_console/templates/console.js.erb within layouts/javascript (14.8ms)
  Rendered /Users/manentea/.rbenv/versions/2.0.0-p481/lib/ruby/gems/2.0.0/gems/web-console-2.2.1/lib/web_console/templates/main.js.erb within layouts/javascript (0.2ms)
  Rendered /Users/manentea/.rbenv/versions/2.0.0-p481/lib/ruby/gems/2.0.0/gems/web-console-2.2.1/lib/web_console/templates/error_page.js.erb within layouts/javascript (0.3ms)
  Rendered /Users/manentea/.rbenv/versions/2.0.0-p481/lib/ruby/gems/2.0.0/gems/web-console-2.2.1/lib/web_console/templates/index.html.erb (30.7ms)


Started GET "/" for ::1 at 2015-08-28 14:56:19 -0400
  [1m[36mActiveRecord::SchemaMigration Load (0.6ms)[0m  [1mSELECT "schema_migrations".* FROM "schema_migrations"[0m
Processing by DishesController#index as HTML
  [1m[35mDish Load (0.5ms)[0m  SELECT "dishes".* FROM "dishes"
  [1m[36mItem Load (0.6ms)[0m  [1mSELECT "items".* FROM "items" WHERE "items"."dish_id" IN (1)[0m
  [1m[35mIngredient Load (0.4ms)[0m  SELECT "ingredients".* FROM "ingredients" WHERE "ingredients"."item_id" IN (1)
  Rendered ingredients/_ingredient.html.erb (0.5ms)
  Rendered items/_item.html.erb (2.8ms)
  Rendered dishes/_dish.html.erb (7.7ms)
  Rendered dishes/index.html.erb within layouts/application (144.6ms)
Completed 200 OK in 551ms (Views: 515.0ms | ActiveRecord: 6.6ms)


Started GET "/assets/dish.self-e3b0c44298fc1c149afbf4c8996fb92427ae41e4649b934ca495991b7852b855.css?body=1" for ::1 at 2015-08-28 14:56:20 -0400


Started GET "/assets/ingredients.self-e3b0c44298fc1c149afbf4c8996fb92427ae41e4649b934ca495991b7852b855.css?body=1" for ::1 at 2015-08-28 14:56:20 -0400


Started GET "/assets/application.self-e80e8f2318043e8af94dddc2adad5a4f09739a8ebb323b3ab31cd71d45fd9113.css?body=1" for ::1 at 2015-08-28 14:56:21 -0400


Started GET "/assets/items.self-e3b0c44298fc1c149afbf4c8996fb92427ae41e4649b934ca495991b7852b855.css?body=1" for ::1 at 2015-08-28 14:56:21 -0400


Started GET "/assets/turbolinks.self-c37727e9bd6b2735da5c311aa83fead54ed0be6cc8bd9a65309e9c5abe2cbfff.js?body=1" for ::1 at 2015-08-28 14:56:21 -0400


Started GET "/assets/jquery.self-d03a5518f45df77341bdbe6201ba3bfa547ebba8ed64f0ea56bfa5f96ea7c074.js?body=1" for ::1 at 2015-08-28 14:56:21 -0400


Started GET "/assets/jquery_ujs.self-ca5248a2fad13d6bd58ea121318d642f195f0b2dd818b30615f785ff365e8d1f.js?body=1" for ::1 at 2015-08-28 14:56:21 -0400


Started GET "/assets/dish.self-e3b0c44298fc1c149afbf4c8996fb92427ae41e4649b934ca495991b7852b855.js?body=1" for ::1 at 2015-08-28 14:56:21 -0400


Started GET "/assets/ingredients.self-877aef30ae1b040ab8a3aba4e3e309a11d7f2612f44dde450b5c157aa5f95c05.js?body=1" for ::1 at 2015-08-28 14:56:21 -0400


Started GET "/assets/items.self-877aef30ae1b040ab8a3aba4e3e309a11d7f2612f44dde450b5c157aa5f95c05.js?body=1" for ::1 at 2015-08-28 14:56:21 -0400


Started GET "/assets/application.self-3b8dabdc891efe46b9a144b400ad69e37d7e5876bdc39dee783419a69d7ca819.js?body=1" for ::1 at 2015-08-28 14:56:21 -0400


Started GET "/dishes/new" for ::1 at 2015-08-28 14:56:26 -0400
Processing by DishesController#new as HTML
Completed 500 Internal Server Error in 54ms (ActiveRecord: 0.0ms)

ActionView::MissingTemplate (Missing template dishes/new, application/new with {:locale=>[:en], :formats=>[:html, :xml], :variants=>[], :handlers=>[:erb, :builder, :raw, :ruby, :coffee, :jbuilder]}. Searched in:
  * "/Users/manentea/Desktop/random/lake-bodom/assignment/assignment/app/views"
):
  actionview (4.2.1) lib/action_view/path_set.rb:46:in `find'
  actionview (4.2.1) lib/action_view/lookup_context.rb:121:in `find'
  actionview (4.2.1) lib/action_view/renderer/abstract_renderer.rb:18:in `find_template'
  actionview (4.2.1) lib/action_view/renderer/template_renderer.rb:40:in `determine_template'
  actionview (4.2.1) lib/action_view/renderer/template_renderer.rb:8:in `render'
  actionview (4.2.1) lib/action_view/renderer/renderer.rb:42:in `render_template'
  actionview (4.2.1) lib/action_view/renderer/renderer.rb:23:in `render'
  actionview (4.2.1) lib/action_view/rendering.rb:100:in `_render_template'
  actionpack (4.2.1) lib/action_controller/metal/streaming.rb:217:in `_render_template'
  actionview (4.2.1) lib/action_view/rendering.rb:83:in `render_to_body'
  actionpack (4.2.1) lib/action_controller/metal/rendering.rb:32:in `render_to_body'
  actionpack (4.2.1) lib/action_controller/metal/renderers.rb:37:in `render_to_body'
  actionpack (4.2.1) lib/abstract_controller/rendering.rb:25:in `render'
  actionpack (4.2.1) lib/action_controller/metal/rendering.rb:16:in `render'
  actionpack (4.2.1) lib/action_controller/metal/instrumentation.rb:44:in `block (2 levels) in render'
  activesupport (4.2.1) lib/active_support/core_ext/benchmark.rb:12:in `block in ms'
  /Users/manentea/.rbenv/versions/2.0.0-p481/lib/ruby/2.0.0/benchmark.rb:296:in `realtime'
  activesupport (4.2.1) lib/active_support/core_ext/benchmark.rb:12:in `ms'
  actionpack (4.2.1) lib/action_controller/metal/instrumentation.rb:44:in `block in render'
  actionpack (4.2.1) lib/action_controller/metal/instrumentation.rb:87:in `cleanup_view_runtime'
  activerecord (4.2.1) lib/active_record/railties/controller_runtime.rb:25:in `cleanup_view_runtime'
  actionpack (4.2.1) lib/action_controller/metal/instrumentation.rb:43:in `render'
  actionpack (4.2.1) lib/action_controller/metal/implicit_render.rb:10:in `default_render'
  actionpack (4.2.1) lib/action_controller/metal/implicit_render.rb:5:in `send_action'
  actionpack (4.2.1) lib/abstract_controller/base.rb:198:in `process_action'
  actionpack (4.2.1) lib/action_controller/metal/rendering.rb:10:in `process_action'
  actionpack (4.2.1) lib/abstract_controller/callbacks.rb:20:in `block in process_action'
  activesupport (4.2.1) lib/active_support/callbacks.rb:117:in `call'
  activesupport (4.2.1) lib/active_support/callbacks.rb:117:in `call'
  activesupport (4.2.1) lib/active_support/callbacks.rb:555:in `block (2 levels) in compile'
  activesupport (4.2.1) lib/active_support/callbacks.rb:505:in `call'
  activesupport (4.2.1) lib/active_support/callbacks.rb:505:in `call'
  activesupport (4.2.1) lib/active_support/callbacks.rb:92:in `_run_callbacks'
  activesupport (4.2.1) lib/active_support/callbacks.rb:776:in `_run_process_action_callbacks'
  activesupport (4.2.1) lib/active_support/callbacks.rb:81:in `run_callbacks'
  actionpack (4.2.1) lib/abstract_controller/callbacks.rb:19:in `process_action'
  actionpack (4.2.1) lib/action_controller/metal/rescue.rb:29:in `process_action'
  actionpack (4.2.1) lib/action_controller/metal/instrumentation.rb:32:in `block in process_action'
  activesupport (4.2.1) lib/active_support/notifications.rb:164:in `block in instrument'
  activesupport (4.2.1) lib/active_support/notifications/instrumenter.rb:20:in `instrument'
  activesupport (4.2.1) lib/active_support/notifications.rb:164:in `instrument'
  actionpack (4.2.1) lib/action_controller/metal/instrumentation.rb:30:in `process_action'
  actionpack (4.2.1) lib/action_controller/metal/params_wrapper.rb:250:in `process_action'
  activerecord (4.2.1) lib/active_record/railties/controller_runtime.rb:18:in `process_action'
  actionpack (4.2.1) lib/abstract_controller/base.rb:137:in `process'
  actionview (4.2.1) lib/action_view/rendering.rb:30:in `process'
  actionpack (4.2.1) lib/action_controller/metal.rb:196:in `dispatch'
  actionpack (4.2.1) lib/action_controller/metal/rack_delegation.rb:13:in `dispatch'
  actionpack (4.2.1) lib/action_controller/metal.rb:237:in `block in action'
  actionpack (4.2.1) lib/action_dispatch/routing/route_set.rb:74:in `call'
  actionpack (4.2.1) lib/action_dispatch/routing/route_set.rb:74:in `dispatch'
  actionpack (4.2.1) lib/action_dispatch/routing/route_set.rb:43:in `serve'
  actionpack (4.2.1) lib/action_dispatch/journey/router.rb:43:in `block in serve'
  actionpack (4.2.1) lib/action_dispatch/journey/router.rb:30:in `each'
  actionpack (4.2.1) lib/action_dispatch/journey/router.rb:30:in `serve'
  actionpack (4.2.1) lib/action_dispatch/routing/route_set.rb:819:in `call'
  rack (1.6.4) lib/rack/etag.rb:24:in `call'
  rack (1.6.4) lib/rack/conditionalget.rb:25:in `call'
  rack (1.6.4) lib/rack/head.rb:13:in `call'
  actionpack (4.2.1) lib/action_dispatch/middleware/params_parser.rb:27:in `call'
  actionpack (4.2.1) lib/action_dispatch/middleware/flash.rb:260:in `call'
  rack (1.6.4) lib/rack/session/abstract/id.rb:225:in `context'
  rack (1.6.4) lib/rack/session/abstract/id.rb:220:in `call'
  actionpack (4.2.1) lib/action_dispatch/middleware/cookies.rb:560:in `call'
  activerecord (4.2.1) lib/active_record/query_cache.rb:36:in `call'
  activerecord (4.2.1) lib/active_record/connection_adapters/abstract/connection_pool.rb:649:in `call'
  activerecord (4.2.1) lib/active_record/migration.rb:378:in `call'
  actionpack (4.2.1) lib/action_dispatch/middleware/callbacks.rb:29:in `block in call'
  activesupport (4.2.1) lib/active_support/callbacks.rb:88:in `call'
  activesupport (4.2.1) lib/active_support/callbacks.rb:88:in `_run_callbacks'
  activesupport (4.2.1) lib/active_support/callbacks.rb:776:in `_run_call_callbacks'
  activesupport (4.2.1) lib/active_support/callbacks.rb:81:in `run_callbacks'
  actionpack (4.2.1) lib/action_dispatch/middleware/callbacks.rb:27:in `call'
  actionpack (4.2.1) lib/action_dispatch/middleware/reloader.rb:73:in `call'
  actionpack (4.2.1) lib/action_dispatch/middleware/remote_ip.rb:78:in `call'
  actionpack (4.2.1) lib/action_dispatch/middleware/debug_exceptions.rb:17:in `call'
  web-console (2.2.1) lib/web_console/middleware.rb:39:in `call'
  actionpack (4.2.1) lib/action_dispatch/middleware/show_exceptions.rb:30:in `call'
  railties (4.2.1) lib/rails/rack/logger.rb:38:in `call_app'
  railties (4.2.1) lib/rails/rack/logger.rb:20:in `block in call'
  activesupport (4.2.1) lib/active_support/tagged_logging.rb:68:in `block in tagged'
  activesupport (4.2.1) lib/active_support/tagged_logging.rb:26:in `tagged'
  activesupport (4.2.1) lib/active_support/tagged_logging.rb:68:in `tagged'
  railties (4.2.1) lib/rails/rack/logger.rb:20:in `call'
  actionpack (4.2.1) lib/action_dispatch/middleware/request_id.rb:21:in `call'
  rack (1.6.4) lib/rack/methodoverride.rb:22:in `call'
  rack (1.6.4) lib/rack/runtime.rb:18:in `call'
  activesupport (4.2.1) lib/active_support/cache/strategy/local_cache_middleware.rb:28:in `call'
  rack (1.6.4) lib/rack/lock.rb:17:in `call'
  actionpack (4.2.1) lib/action_dispatch/middleware/static.rb:113:in `call'
  rack (1.6.4) lib/rack/sendfile.rb:113:in `call'
  railties (4.2.1) lib/rails/engine.rb:518:in `call'
  railties (4.2.1) lib/rails/application.rb:164:in `call'
  rack (1.6.4) lib/rack/lock.rb:17:in `call'
  rack (1.6.4) lib/rack/content_length.rb:15:in `call'
  rack (1.6.4) lib/rack/handler/webrick.rb:88:in `service'
  /Users/manentea/.rbenv/versions/2.0.0-p481/lib/ruby/2.0.0/webrick/httpserver.rb:138:in `service'
  /Users/manentea/.rbenv/versions/2.0.0-p481/lib/ruby/2.0.0/webrick/httpserver.rb:94:in `run'
  /Users/manentea/.rbenv/versions/2.0.0-p481/lib/ruby/2.0.0/webrick/server.rb:295:in `block in start_thread'


  Rendered /Users/manentea/.rbenv/versions/2.0.0-p481/lib/ruby/gems/2.0.0/gems/actionpack-4.2.1/lib/action_dispatch/middleware/templates/rescues/_source.erb (7.3ms)
  Rendered /Users/manentea/.rbenv/versions/2.0.0-p481/lib/ruby/gems/2.0.0/gems/actionpack-4.2.1/lib/action_dispatch/middleware/templates/rescues/_trace.html.erb (3.3ms)
  Rendered /Users/manentea/.rbenv/versions/2.0.0-p481/lib/ruby/gems/2.0.0/gems/actionpack-4.2.1/lib/action_dispatch/middleware/templates/rescues/_request_and_response.html.erb (1.0ms)
  Rendered /Users/manentea/.rbenv/versions/2.0.0-p481/lib/ruby/gems/2.0.0/gems/actionpack-4.2.1/lib/action_dispatch/middleware/templates/rescues/missing_template.html.erb within rescues/layout (28.9ms)
  Rendered /Users/manentea/.rbenv/versions/2.0.0-p481/lib/ruby/gems/2.0.0/gems/web-console-2.2.1/lib/web_console/templates/_markup.html.erb (0.5ms)
  Rendered /Users/manentea/.rbenv/versions/2.0.0-p481/lib/ruby/gems/2.0.0/gems/web-console-2.2.1/lib/web_console/templates/_inner_console_markup.html.erb within layouts/inlined_string (0.3ms)
  Rendered /Users/manentea/.rbenv/versions/2.0.0-p481/lib/ruby/gems/2.0.0/gems/web-console-2.2.1/lib/web_console/templates/_prompt_box_markup.html.erb within layouts/inlined_string (0.3ms)
  Rendered /Users/manentea/.rbenv/versions/2.0.0-p481/lib/ruby/gems/2.0.0/gems/web-console-2.2.1/lib/web_console/templates/style.css.erb within layouts/inlined_string (0.3ms)
  Rendered /Users/manentea/.rbenv/versions/2.0.0-p481/lib/ruby/gems/2.0.0/gems/web-console-2.2.1/lib/web_console/templates/console.js.erb within layouts/javascript (17.6ms)
  Rendered /Users/manentea/.rbenv/versions/2.0.0-p481/lib/ruby/gems/2.0.0/gems/web-console-2.2.1/lib/web_console/templates/main.js.erb within layouts/javascript (0.3ms)
  Rendered /Users/manentea/.rbenv/versions/2.0.0-p481/lib/ruby/gems/2.0.0/gems/web-console-2.2.1/lib/web_console/templates/error_page.js.erb within layouts/javascript (0.6ms)
  Rendered /Users/manentea/.rbenv/versions/2.0.0-p481/lib/ruby/gems/2.0.0/gems/web-console-2.2.1/lib/web_console/templates/index.html.erb (41.7ms)


Started GET "/dishes/new" for ::1 at 2015-08-28 14:56:27 -0400
Processing by DishesController#new as HTML
Completed 500 Internal Server Error in 3ms (ActiveRecord: 0.0ms)

ActionView::MissingTemplate (Missing template dishes/new, application/new with {:locale=>[:en], :formats=>[:html], :variants=>[], :handlers=>[:erb, :builder, :raw, :ruby, :coffee, :jbuilder]}. Searched in:
  * "/Users/manentea/Desktop/random/lake-bodom/assignment/assignment/app/views"
):
  actionview (4.2.1) lib/action_view/path_set.rb:46:in `find'
  actionview (4.2.1) lib/action_view/lookup_context.rb:121:in `find'
  actionview (4.2.1) lib/action_view/renderer/abstract_renderer.rb:18:in `find_template'
  actionview (4.2.1) lib/action_view/renderer/template_renderer.rb:40:in `determine_template'
  actionview (4.2.1) lib/action_view/renderer/template_renderer.rb:8:in `render'
  actionview (4.2.1) lib/action_view/renderer/renderer.rb:42:in `render_template'
  actionview (4.2.1) lib/action_view/renderer/renderer.rb:23:in `render'
  actionview (4.2.1) lib/action_view/rendering.rb:100:in `_render_template'
  actionpack (4.2.1) lib/action_controller/metal/streaming.rb:217:in `_render_template'
  actionview (4.2.1) lib/action_view/rendering.rb:83:in `render_to_body'
  actionpack (4.2.1) lib/action_controller/metal/rendering.rb:32:in `render_to_body'
  actionpack (4.2.1) lib/action_controller/metal/renderers.rb:37:in `render_to_body'
  actionpack (4.2.1) lib/abstract_controller/rendering.rb:25:in `render'
  actionpack (4.2.1) lib/action_controller/metal/rendering.rb:16:in `render'
  actionpack (4.2.1) lib/action_controller/metal/instrumentation.rb:44:in `block (2 levels) in render'
  activesupport (4.2.1) lib/active_support/core_ext/benchmark.rb:12:in `block in ms'
  /Users/manentea/.rbenv/versions/2.0.0-p481/lib/ruby/2.0.0/benchmark.rb:296:in `realtime'
  activesupport (4.2.1) lib/active_support/core_ext/benchmark.rb:12:in `ms'
  actionpack (4.2.1) lib/action_controller/metal/instrumentation.rb:44:in `block in render'
  actionpack (4.2.1) lib/action_controller/metal/instrumentation.rb:87:in `cleanup_view_runtime'
  activerecord (4.2.1) lib/active_record/railties/controller_runtime.rb:25:in `cleanup_view_runtime'
  actionpack (4.2.1) lib/action_controller/metal/instrumentation.rb:43:in `render'
  actionpack (4.2.1) lib/action_controller/metal/implicit_render.rb:10:in `default_render'
  actionpack (4.2.1) lib/action_controller/metal/implicit_render.rb:5:in `send_action'
  actionpack (4.2.1) lib/abstract_controller/base.rb:198:in `process_action'
  actionpack (4.2.1) lib/action_controller/metal/rendering.rb:10:in `process_action'
  actionpack (4.2.1) lib/abstract_controller/callbacks.rb:20:in `block in process_action'
  activesupport (4.2.1) lib/active_support/callbacks.rb:117:in `call'
  activesupport (4.2.1) lib/active_support/callbacks.rb:117:in `call'
  activesupport (4.2.1) lib/active_support/callbacks.rb:555:in `block (2 levels) in compile'
  activesupport (4.2.1) lib/active_support/callbacks.rb:505:in `call'
  activesupport (4.2.1) lib/active_support/callbacks.rb:505:in `call'
  activesupport (4.2.1) lib/active_support/callbacks.rb:92:in `_run_callbacks'
  activesupport (4.2.1) lib/active_support/callbacks.rb:776:in `_run_process_action_callbacks'
  activesupport (4.2.1) lib/active_support/callbacks.rb:81:in `run_callbacks'
  actionpack (4.2.1) lib/abstract_controller/callbacks.rb:19:in `process_action'
  actionpack (4.2.1) lib/action_controller/metal/rescue.rb:29:in `process_action'
  actionpack (4.2.1) lib/action_controller/metal/instrumentation.rb:32:in `block in process_action'
  activesupport (4.2.1) lib/active_support/notifications.rb:164:in `block in instrument'
  activesupport (4.2.1) lib/active_support/notifications/instrumenter.rb:20:in `instrument'
  activesupport (4.2.1) lib/active_support/notifications.rb:164:in `instrument'
  actionpack (4.2.1) lib/action_controller/metal/instrumentation.rb:30:in `process_action'
  actionpack (4.2.1) lib/action_controller/metal/params_wrapper.rb:250:in `process_action'
  activerecord (4.2.1) lib/active_record/railties/controller_runtime.rb:18:in `process_action'
  actionpack (4.2.1) lib/abstract_controller/base.rb:137:in `process'
  actionview (4.2.1) lib/action_view/rendering.rb:30:in `process'
  actionpack (4.2.1) lib/action_controller/metal.rb:196:in `dispatch'
  actionpack (4.2.1) lib/action_controller/metal/rack_delegation.rb:13:in `dispatch'
  actionpack (4.2.1) lib/action_controller/metal.rb:237:in `block in action'
  actionpack (4.2.1) lib/action_dispatch/routing/route_set.rb:74:in `call'
  actionpack (4.2.1) lib/action_dispatch/routing/route_set.rb:74:in `dispatch'
  actionpack (4.2.1) lib/action_dispatch/routing/route_set.rb:43:in `serve'
  actionpack (4.2.1) lib/action_dispatch/journey/router.rb:43:in `block in serve'
  actionpack (4.2.1) lib/action_dispatch/journey/router.rb:30:in `each'
  actionpack (4.2.1) lib/action_dispatch/journey/router.rb:30:in `serve'
  actionpack (4.2.1) lib/action_dispatch/routing/route_set.rb:819:in `call'
  rack (1.6.4) lib/rack/etag.rb:24:in `call'
  rack (1.6.4) lib/rack/conditionalget.rb:25:in `call'
  rack (1.6.4) lib/rack/head.rb:13:in `call'
  actionpack (4.2.1) lib/action_dispatch/middleware/params_parser.rb:27:in `call'
  actionpack (4.2.1) lib/action_dispatch/middleware/flash.rb:260:in `call'
  rack (1.6.4) lib/rack/session/abstract/id.rb:225:in `context'
  rack (1.6.4) lib/rack/session/abstract/id.rb:220:in `call'
  actionpack (4.2.1) lib/action_dispatch/middleware/cookies.rb:560:in `call'
  activerecord (4.2.1) lib/active_record/query_cache.rb:36:in `call'
  activerecord (4.2.1) lib/active_record/connection_adapters/abstract/connection_pool.rb:649:in `call'
  activerecord (4.2.1) lib/active_record/migration.rb:378:in `call'
  actionpack (4.2.1) lib/action_dispatch/middleware/callbacks.rb:29:in `block in call'
  activesupport (4.2.1) lib/active_support/callbacks.rb:88:in `call'
  activesupport (4.2.1) lib/active_support/callbacks.rb:88:in `_run_callbacks'
  activesupport (4.2.1) lib/active_support/callbacks.rb:776:in `_run_call_callbacks'
  activesupport (4.2.1) lib/active_support/callbacks.rb:81:in `run_callbacks'
  actionpack (4.2.1) lib/action_dispatch/middleware/callbacks.rb:27:in `call'
  actionpack (4.2.1) lib/action_dispatch/middleware/reloader.rb:73:in `call'
  actionpack (4.2.1) lib/action_dispatch/middleware/remote_ip.rb:78:in `call'
  actionpack (4.2.1) lib/action_dispatch/middleware/debug_exceptions.rb:17:in `call'
  web-console (2.2.1) lib/web_console/middleware.rb:39:in `call'
  actionpack (4.2.1) lib/action_dispatch/middleware/show_exceptions.rb:30:in `call'
  railties (4.2.1) lib/rails/rack/logger.rb:38:in `call_app'
  railties (4.2.1) lib/rails/rack/logger.rb:20:in `block in call'
  activesupport (4.2.1) lib/active_support/tagged_logging.rb:68:in `block in tagged'
  activesupport (4.2.1) lib/active_support/tagged_logging.rb:26:in `tagged'
  activesupport (4.2.1) lib/active_support/tagged_logging.rb:68:in `tagged'
  railties (4.2.1) lib/rails/rack/logger.rb:20:in `call'
  actionpack (4.2.1) lib/action_dispatch/middleware/request_id.rb:21:in `call'
  rack (1.6.4) lib/rack/methodoverride.rb:22:in `call'
  rack (1.6.4) lib/rack/runtime.rb:18:in `call'
  activesupport (4.2.1) lib/active_support/cache/strategy/local_cache_middleware.rb:28:in `call'
  rack (1.6.4) lib/rack/lock.rb:17:in `call'
  actionpack (4.2.1) lib/action_dispatch/middleware/static.rb:113:in `call'
  rack (1.6.4) lib/rack/sendfile.rb:113:in `call'
  railties (4.2.1) lib/rails/engine.rb:518:in `call'
  railties (4.2.1) lib/rails/application.rb:164:in `call'
  rack (1.6.4) lib/rack/lock.rb:17:in `call'
  rack (1.6.4) lib/rack/content_length.rb:15:in `call'
  rack (1.6.4) lib/rack/handler/webrick.rb:88:in `service'
  /Users/manentea/.rbenv/versions/2.0.0-p481/lib/ruby/2.0.0/webrick/httpserver.rb:138:in `service'
  /Users/manentea/.rbenv/versions/2.0.0-p481/lib/ruby/2.0.0/webrick/httpserver.rb:94:in `run'
  /Users/manentea/.rbenv/versions/2.0.0-p481/lib/ruby/2.0.0/webrick/server.rb:295:in `block in start_thread'


  Rendered /Users/manentea/.rbenv/versions/2.0.0-p481/lib/ruby/gems/2.0.0/gems/actionpack-4.2.1/lib/action_dispatch/middleware/templates/rescues/_source.erb (6.2ms)
  Rendered /Users/manentea/.rbenv/versions/2.0.0-p481/lib/ruby/gems/2.0.0/gems/actionpack-4.2.1/lib/action_dispatch/middleware/templates/rescues/_trace.html.erb (3.1ms)
  Rendered /Users/manentea/.rbenv/versions/2.0.0-p481/lib/ruby/gems/2.0.0/gems/actionpack-4.2.1/lib/action_dispatch/middleware/templates/rescues/_request_and_response.html.erb (1.0ms)
  Rendered /Users/manentea/.rbenv/versions/2.0.0-p481/lib/ruby/gems/2.0.0/gems/actionpack-4.2.1/lib/action_dispatch/middleware/templates/rescues/missing_template.html.erb within rescues/layout (25.1ms)
  Rendered /Users/manentea/.rbenv/versions/2.0.0-p481/lib/ruby/gems/2.0.0/gems/web-console-2.2.1/lib/web_console/templates/_markup.html.erb (0.3ms)
  Rendered /Users/manentea/.rbenv/versions/2.0.0-p481/lib/ruby/gems/2.0.0/gems/web-console-2.2.1/lib/web_console/templates/_inner_console_markup.html.erb within layouts/inlined_string (0.3ms)
  Rendered /Users/manentea/.rbenv/versions/2.0.0-p481/lib/ruby/gems/2.0.0/gems/web-console-2.2.1/lib/web_console/templates/_prompt_box_markup.html.erb within layouts/inlined_string (0.3ms)
  Rendered /Users/manentea/.rbenv/versions/2.0.0-p481/lib/ruby/gems/2.0.0/gems/web-console-2.2.1/lib/web_console/templates/style.css.erb within layouts/inlined_string (0.3ms)
  Rendered /Users/manentea/.rbenv/versions/2.0.0-p481/lib/ruby/gems/2.0.0/gems/web-console-2.2.1/lib/web_console/templates/console.js.erb within layouts/javascript (15.6ms)
  Rendered /Users/manentea/.rbenv/versions/2.0.0-p481/lib/ruby/gems/2.0.0/gems/web-console-2.2.1/lib/web_console/templates/main.js.erb within layouts/javascript (0.2ms)
  Rendered /Users/manentea/.rbenv/versions/2.0.0-p481/lib/ruby/gems/2.0.0/gems/web-console-2.2.1/lib/web_console/templates/error_page.js.erb within layouts/javascript (0.4ms)
  Rendered /Users/manentea/.rbenv/versions/2.0.0-p481/lib/ruby/gems/2.0.0/gems/web-console-2.2.1/lib/web_console/templates/index.html.erb (33.4ms)


Started GET "/" for ::1 at 2015-08-28 14:56:40 -0400
Processing by DishesController#index as HTML
  [1m[36mDish Load (0.3ms)[0m  [1mSELECT "dishes".* FROM "dishes"[0m
  [1m[35mItem Load (0.3ms)[0m  SELECT "items".* FROM "items" WHERE "items"."dish_id" IN (1)
  [1m[36mIngredient Load (0.4ms)[0m  [1mSELECT "ingredients".* FROM "ingredients" WHERE "ingredients"."item_id" IN (1)[0m
  Rendered ingredients/_ingredient.html.erb (0.1ms)
  Rendered items/_item.html.erb (0.9ms)
  Rendered dishes/_dish.html.erb (2.0ms)
  Rendered dishes/index.html.erb within layouts/application (7.7ms)
Completed 200 OK in 46ms (Views: 43.7ms | ActiveRecord: 1.0ms)


Started GET "/assets/dish.self-e3b0c44298fc1c149afbf4c8996fb92427ae41e4649b934ca495991b7852b855.css?body=1" for ::1 at 2015-08-28 14:56:40 -0400


Started GET "/assets/application.self-e80e8f2318043e8af94dddc2adad5a4f09739a8ebb323b3ab31cd71d45fd9113.css?body=1" for ::1 at 2015-08-28 14:56:40 -0400


Started GET "/assets/ingredients.self-e3b0c44298fc1c149afbf4c8996fb92427ae41e4649b934ca495991b7852b855.css?body=1" for ::1 at 2015-08-28 14:56:40 -0400


Started GET "/assets/jquery_ujs.self-ca5248a2fad13d6bd58ea121318d642f195f0b2dd818b30615f785ff365e8d1f.js?body=1" for ::1 at 2015-08-28 14:56:40 -0400


Started GET "/assets/items.self-e3b0c44298fc1c149afbf4c8996fb92427ae41e4649b934ca495991b7852b855.css?body=1" for ::1 at 2015-08-28 14:56:40 -0400


Started GET "/assets/jquery.self-d03a5518f45df77341bdbe6201ba3bfa547ebba8ed64f0ea56bfa5f96ea7c074.js?body=1" for ::1 at 2015-08-28 14:56:40 -0400


Started GET "/assets/turbolinks.self-c37727e9bd6b2735da5c311aa83fead54ed0be6cc8bd9a65309e9c5abe2cbfff.js?body=1" for ::1 at 2015-08-28 14:56:40 -0400


Started GET "/assets/dish.self-e3b0c44298fc1c149afbf4c8996fb92427ae41e4649b934ca495991b7852b855.js?body=1" for ::1 at 2015-08-28 14:56:40 -0400


Started GET "/assets/ingredients.self-877aef30ae1b040ab8a3aba4e3e309a11d7f2612f44dde450b5c157aa5f95c05.js?body=1" for ::1 at 2015-08-28 14:56:40 -0400


Started GET "/assets/items.self-877aef30ae1b040ab8a3aba4e3e309a11d7f2612f44dde450b5c157aa5f95c05.js?body=1" for ::1 at 2015-08-28 14:56:40 -0400


Started GET "/assets/application.self-3b8dabdc891efe46b9a144b400ad69e37d7e5876bdc39dee783419a69d7ca819.js?body=1" for ::1 at 2015-08-28 14:56:40 -0400


Started GET "/dishes/new" for ::1 at 2015-08-28 14:56:42 -0400
Processing by DishesController#new as HTML
  Rendered dishes/new.html.erb within layouts/application (175.3ms)
Completed 200 OK in 222ms (Views: 221.4ms | ActiveRecord: 0.0ms)


Started GET "/" for ::1 at 2015-08-28 14:59:42 -0400
Processing by DishesController#index as HTML
  [1m[35mDish Load (0.3ms)[0m  SELECT "dishes".* FROM "dishes"
  [1m[36mItem Load (0.3ms)[0m  [1mSELECT "items".* FROM "items" WHERE "items"."dish_id" IN (1)[0m
  [1m[35mIngredient Load (0.3ms)[0m  SELECT "ingredients".* FROM "ingredients" WHERE "ingredients"."item_id" IN (1)
  Rendered ingredients/_ingredient.html.erb (0.2ms)
  Rendered items/_item.html.erb (6.8ms)
  Rendered dishes/_dish.html.erb (17.6ms)
  Rendered dishes/index.html.erb within layouts/application (32.0ms)
Completed 200 OK in 404ms (Views: 401.8ms | ActiveRecord: 0.9ms)


Started GET "/assets/dish.self-d02895221803a35e7c771e0c2246a58280e0a63dd9e0afc5c0964432c2b53469.js?body=1" for ::1 at 2015-08-28 14:59:42 -0400


Started GET "/assets/dish.self-e3b0c44298fc1c149afbf4c8996fb92427ae41e4649b934ca495991b7852b855.css?body=1" for ::1 at 2015-08-28 14:59:42 -0400


Started GET "/assets/items.self-e3b0c44298fc1c149afbf4c8996fb92427ae41e4649b934ca495991b7852b855.css?body=1" for ::1 at 2015-08-28 14:59:42 -0400


Started GET "/assets/ingredients.self-e3b0c44298fc1c149afbf4c8996fb92427ae41e4649b934ca495991b7852b855.css?body=1" for ::1 at 2015-08-28 14:59:42 -0400


Started GET "/assets/application.self-e80e8f2318043e8af94dddc2adad5a4f09739a8ebb323b3ab31cd71d45fd9113.css?body=1" for ::1 at 2015-08-28 14:59:42 -0400


Started GET "/assets/jquery.self-d03a5518f45df77341bdbe6201ba3bfa547ebba8ed64f0ea56bfa5f96ea7c074.js?body=1" for ::1 at 2015-08-28 14:59:42 -0400


Started GET "/assets/jquery_ujs.self-ca5248a2fad13d6bd58ea121318d642f195f0b2dd818b30615f785ff365e8d1f.js?body=1" for ::1 at 2015-08-28 14:59:42 -0400


Started GET "/assets/turbolinks.self-c37727e9bd6b2735da5c311aa83fead54ed0be6cc8bd9a65309e9c5abe2cbfff.js?body=1" for ::1 at 2015-08-28 14:59:42 -0400


Started GET "/assets/ingredients.self-877aef30ae1b040ab8a3aba4e3e309a11d7f2612f44dde450b5c157aa5f95c05.js?body=1" for ::1 at 2015-08-28 14:59:42 -0400


Started GET "/assets/items.self-877aef30ae1b040ab8a3aba4e3e309a11d7f2612f44dde450b5c157aa5f95c05.js?body=1" for ::1 at 2015-08-28 14:59:42 -0400


Started GET "/assets/application.self-3b8dabdc891efe46b9a144b400ad69e37d7e5876bdc39dee783419a69d7ca819.js?body=1" for ::1 at 2015-08-28 14:59:42 -0400


Started GET "/dishes/new" for ::1 at 2015-08-28 14:59:44 -0400
Processing by DishesController#new as HTML
  Rendered dishes/new.html.erb within layouts/application (2.1ms)
Completed 200 OK in 146ms (Views: 144.6ms | ActiveRecord: 0.0ms)


Started GET "/" for ::1 at 2015-08-28 14:59:58 -0400
Processing by DishesController#index as HTML
  [1m[36mDish Load (0.4ms)[0m  [1mSELECT "dishes".* FROM "dishes"[0m
  [1m[35mItem Load (0.3ms)[0m  SELECT "items".* FROM "items" WHERE "items"."dish_id" IN (1)
  [1m[36mIngredient Load (0.3ms)[0m  [1mSELECT "ingredients".* FROM "ingredients" WHERE "ingredients"."item_id" IN (1)[0m
  Rendered ingredients/_ingredient.html.erb (0.1ms)
  Rendered items/_item.html.erb (0.9ms)
  Rendered dishes/_dish.html.erb (1.9ms)
  Rendered dishes/index.html.erb within layouts/application (7.3ms)
Completed 200 OK in 46ms (Views: 43.6ms | ActiveRecord: 1.0ms)


Started GET "/assets/dish.self-e3b0c44298fc1c149afbf4c8996fb92427ae41e4649b934ca495991b7852b855.css?body=1" for ::1 at 2015-08-28 14:59:58 -0400


Started GET "/assets/ingredients.self-e3b0c44298fc1c149afbf4c8996fb92427ae41e4649b934ca495991b7852b855.css?body=1" for ::1 at 2015-08-28 14:59:58 -0400


Started GET "/assets/jquery_ujs.self-ca5248a2fad13d6bd58ea121318d642f195f0b2dd818b30615f785ff365e8d1f.js?body=1" for ::1 at 2015-08-28 14:59:58 -0400


Started GET "/assets/turbolinks.self-c37727e9bd6b2735da5c311aa83fead54ed0be6cc8bd9a65309e9c5abe2cbfff.js?body=1" for ::1 at 2015-08-28 14:59:58 -0400


Started GET "/assets/application.self-e80e8f2318043e8af94dddc2adad5a4f09739a8ebb323b3ab31cd71d45fd9113.css?body=1" for ::1 at 2015-08-28 14:59:58 -0400


Started GET "/assets/jquery.self-d03a5518f45df77341bdbe6201ba3bfa547ebba8ed64f0ea56bfa5f96ea7c074.js?body=1" for ::1 at 2015-08-28 14:59:58 -0400


Started GET "/assets/items.self-e3b0c44298fc1c149afbf4c8996fb92427ae41e4649b934ca495991b7852b855.css?body=1" for ::1 at 2015-08-28 14:59:58 -0400


Started GET "/assets/dish.self-d02895221803a35e7c771e0c2246a58280e0a63dd9e0afc5c0964432c2b53469.js?body=1" for ::1 at 2015-08-28 14:59:58 -0400


Started GET "/assets/ingredients.self-877aef30ae1b040ab8a3aba4e3e309a11d7f2612f44dde450b5c157aa5f95c05.js?body=1" for ::1 at 2015-08-28 14:59:58 -0400


Started GET "/assets/items.self-877aef30ae1b040ab8a3aba4e3e309a11d7f2612f44dde450b5c157aa5f95c05.js?body=1" for ::1 at 2015-08-28 14:59:58 -0400


Started GET "/assets/application.self-3b8dabdc891efe46b9a144b400ad69e37d7e5876bdc39dee783419a69d7ca819.js?body=1" for ::1 at 2015-08-28 14:59:58 -0400


Started GET "/dishes/new" for ::1 at 2015-08-28 15:00:00 -0400
Processing by DishesController#new as HTML
  Rendered dishes/new.html.erb within layouts/application (1.2ms)
Completed 200 OK in 41ms (Views: 39.9ms | ActiveRecord: 0.0ms)


Started GET "/" for ::1 at 2015-08-28 15:00:25 -0400
Processing by DishesController#index as HTML
  [1m[35mDish Load (0.3ms)[0m  SELECT "dishes".* FROM "dishes"
  [1m[36mItem Load (0.3ms)[0m  [1mSELECT "items".* FROM "items" WHERE "items"."dish_id" IN (1)[0m
  [1m[35mIngredient Load (0.3ms)[0m  SELECT "ingredients".* FROM "ingredients" WHERE "ingredients"."item_id" IN (1)
  Rendered ingredients/_ingredient.html.erb (0.1ms)
  Rendered items/_item.html.erb (0.9ms)
  Rendered dishes/_dish.html.erb (1.9ms)
  Rendered dishes/index.html.erb within layouts/application (6.9ms)
Completed 200 OK in 234ms (Views: 232.3ms | ActiveRecord: 1.0ms)


Started GET "/assets/dish.self-e3b0c44298fc1c149afbf4c8996fb92427ae41e4649b934ca495991b7852b855.css?body=1" for ::1 at 2015-08-28 15:00:25 -0400


Started GET "/assets/items.self-e3b0c44298fc1c149afbf4c8996fb92427ae41e4649b934ca495991b7852b855.css?body=1" for ::1 at 2015-08-28 15:00:25 -0400


Started GET "/assets/ingredients.self-e3b0c44298fc1c149afbf4c8996fb92427ae41e4649b934ca495991b7852b855.css?body=1" for ::1 at 2015-08-28 15:00:25 -0400


Started GET "/assets/application.self-e80e8f2318043e8af94dddc2adad5a4f09739a8ebb323b3ab31cd71d45fd9113.css?body=1" for ::1 at 2015-08-28 15:00:25 -0400


Started GET "/assets/jquery.self-d03a5518f45df77341bdbe6201ba3bfa547ebba8ed64f0ea56bfa5f96ea7c074.js?body=1" for ::1 at 2015-08-28 15:00:25 -0400


Started GET "/assets/jquery_ujs.self-ca5248a2fad13d6bd58ea121318d642f195f0b2dd818b30615f785ff365e8d1f.js?body=1" for ::1 at 2015-08-28 15:00:25 -0400


Started GET "/assets/dish.self-2564c2a65215102c1e7af92d48eaff91ca39972c646a9d6d2599c6ecb7671dce.js?body=1" for ::1 at 2015-08-28 15:00:25 -0400


Started GET "/assets/turbolinks.self-c37727e9bd6b2735da5c311aa83fead54ed0be6cc8bd9a65309e9c5abe2cbfff.js?body=1" for ::1 at 2015-08-28 15:00:25 -0400


Started GET "/assets/ingredients.self-877aef30ae1b040ab8a3aba4e3e309a11d7f2612f44dde450b5c157aa5f95c05.js?body=1" for ::1 at 2015-08-28 15:00:25 -0400


Started GET "/assets/items.self-877aef30ae1b040ab8a3aba4e3e309a11d7f2612f44dde450b5c157aa5f95c05.js?body=1" for ::1 at 2015-08-28 15:00:25 -0400


Started GET "/assets/application.self-3b8dabdc891efe46b9a144b400ad69e37d7e5876bdc39dee783419a69d7ca819.js?body=1" for ::1 at 2015-08-28 15:00:25 -0400


Started GET "/dishes/new" for ::1 at 2015-08-28 15:00:26 -0400
Processing by DishesController#new as HTML
  Rendered dishes/new.html.erb within layouts/application (1.4ms)
Completed 200 OK in 44ms (Views: 43.2ms | ActiveRecord: 0.0ms)


Started GET "/" for ::1 at 2015-08-28 15:01:28 -0400
Processing by DishesController#index as HTML
  [1m[36mDish Load (0.3ms)[0m  [1mSELECT "dishes".* FROM "dishes"[0m
  [1m[35mItem Load (0.3ms)[0m  SELECT "items".* FROM "items" WHERE "items"."dish_id" IN (1)
  [1m[36mIngredient Load (0.3ms)[0m  [1mSELECT "ingredients".* FROM "ingredients" WHERE "ingredients"."item_id" IN (1)[0m
  Rendered ingredients/_ingredient.html.erb (0.2ms)
  Rendered items/_item.html.erb (6.9ms)
  Rendered dishes/_dish.html.erb (40.2ms)
  Rendered dishes/index.html.erb within layouts/application (157.8ms)
Completed 200 OK in 323ms (Views: 296.6ms | ActiveRecord: 4.9ms)


Started GET "/assets/dish.self-e3b0c44298fc1c149afbf4c8996fb92427ae41e4649b934ca495991b7852b855.css?body=1" for ::1 at 2015-08-28 15:01:29 -0400


Started GET "/assets/ingredients.self-e3b0c44298fc1c149afbf4c8996fb92427ae41e4649b934ca495991b7852b855.css?body=1" for ::1 at 2015-08-28 15:01:29 -0400


Started GET "/assets/turbolinks.self-c37727e9bd6b2735da5c311aa83fead54ed0be6cc8bd9a65309e9c5abe2cbfff.js?body=1" for ::1 at 2015-08-28 15:01:29 -0400


Started GET "/assets/items.self-e3b0c44298fc1c149afbf4c8996fb92427ae41e4649b934ca495991b7852b855.css?body=1" for ::1 at 2015-08-28 15:01:29 -0400


Started GET "/assets/application.self-e80e8f2318043e8af94dddc2adad5a4f09739a8ebb323b3ab31cd71d45fd9113.css?body=1" for ::1 at 2015-08-28 15:01:29 -0400


Started GET "/assets/jquery.self-d03a5518f45df77341bdbe6201ba3bfa547ebba8ed64f0ea56bfa5f96ea7c074.js?body=1" for ::1 at 2015-08-28 15:01:29 -0400


Started GET "/assets/jquery_ujs.self-ca5248a2fad13d6bd58ea121318d642f195f0b2dd818b30615f785ff365e8d1f.js?body=1" for ::1 at 2015-08-28 15:01:29 -0400


Started GET "/assets/dish.self-2564c2a65215102c1e7af92d48eaff91ca39972c646a9d6d2599c6ecb7671dce.js?body=1" for ::1 at 2015-08-28 15:01:29 -0400


Started GET "/assets/ingredients.self-877aef30ae1b040ab8a3aba4e3e309a11d7f2612f44dde450b5c157aa5f95c05.js?body=1" for ::1 at 2015-08-28 15:01:29 -0400


Started GET "/assets/items.self-877aef30ae1b040ab8a3aba4e3e309a11d7f2612f44dde450b5c157aa5f95c05.js?body=1" for ::1 at 2015-08-28 15:01:29 -0400


Started GET "/assets/application.self-3b8dabdc891efe46b9a144b400ad69e37d7e5876bdc39dee783419a69d7ca819.js?body=1" for ::1 at 2015-08-28 15:01:29 -0400


Started GET "/dishes/new" for ::1 at 2015-08-28 15:01:30 -0400
Processing by DishesController#new as HTML
  Rendered dishes/new.html.erb (1.5ms)
Completed 200 OK in 17ms (Views: 15.9ms | ActiveRecord: 0.0ms)


Started GET "/" for ::1 at 2015-08-28 15:01:38 -0400
Processing by DishesController#index as HTML
  [1m[35mDish Load (0.3ms)[0m  SELECT "dishes".* FROM "dishes"
  [1m[36mItem Load (0.2ms)[0m  [1mSELECT "items".* FROM "items" WHERE "items"."dish_id" IN (1)[0m
  [1m[35mIngredient Load (0.2ms)[0m  SELECT "ingredients".* FROM "ingredients" WHERE "ingredients"."item_id" IN (1)
  Rendered ingredients/_ingredient.html.erb (0.1ms)
  Rendered items/_item.html.erb (1.1ms)
  Rendered dishes/_dish.html.erb (2.1ms)
  Rendered dishes/index.html.erb within layouts/application (6.6ms)
Completed 200 OK in 43ms (Views: 41.6ms | ActiveRecord: 0.8ms)


Started GET "/assets/dish.self-e3b0c44298fc1c149afbf4c8996fb92427ae41e4649b934ca495991b7852b855.css?body=1" for ::1 at 2015-08-28 15:01:38 -0400


Started GET "/assets/ingredients.self-e3b0c44298fc1c149afbf4c8996fb92427ae41e4649b934ca495991b7852b855.css?body=1" for ::1 at 2015-08-28 15:01:38 -0400


Started GET "/assets/items.self-e3b0c44298fc1c149afbf4c8996fb92427ae41e4649b934ca495991b7852b855.css?body=1" for ::1 at 2015-08-28 15:01:38 -0400


Started GET "/assets/application.self-e80e8f2318043e8af94dddc2adad5a4f09739a8ebb323b3ab31cd71d45fd9113.css?body=1" for ::1 at 2015-08-28 15:01:38 -0400


Started GET "/assets/jquery_ujs.self-ca5248a2fad13d6bd58ea121318d642f195f0b2dd818b30615f785ff365e8d1f.js?body=1" for ::1 at 2015-08-28 15:01:38 -0400


Started GET "/assets/jquery.self-d03a5518f45df77341bdbe6201ba3bfa547ebba8ed64f0ea56bfa5f96ea7c074.js?body=1" for ::1 at 2015-08-28 15:01:38 -0400


Started GET "/assets/turbolinks.self-c37727e9bd6b2735da5c311aa83fead54ed0be6cc8bd9a65309e9c5abe2cbfff.js?body=1" for ::1 at 2015-08-28 15:01:38 -0400


Started GET "/assets/dish.self-2564c2a65215102c1e7af92d48eaff91ca39972c646a9d6d2599c6ecb7671dce.js?body=1" for ::1 at 2015-08-28 15:01:38 -0400


Started GET "/assets/ingredients.self-877aef30ae1b040ab8a3aba4e3e309a11d7f2612f44dde450b5c157aa5f95c05.js?body=1" for ::1 at 2015-08-28 15:01:38 -0400


Started GET "/assets/items.self-877aef30ae1b040ab8a3aba4e3e309a11d7f2612f44dde450b5c157aa5f95c05.js?body=1" for ::1 at 2015-08-28 15:01:38 -0400


Started GET "/assets/application.self-3b8dabdc891efe46b9a144b400ad69e37d7e5876bdc39dee783419a69d7ca819.js?body=1" for ::1 at 2015-08-28 15:01:38 -0400


Started GET "/dishes/new" for ::1 at 2015-08-28 15:01:39 -0400
Processing by DishesController#new as HTML
  Rendered dishes/new.html.erb (1.2ms)
Completed 200 OK in 6ms (Views: 4.8ms | ActiveRecord: 0.0ms)


Started GET "/" for ::1 at 2015-08-28 15:02:20 -0400
Processing by DishesController#index as HTML
  [1m[36mDish Load (0.4ms)[0m  [1mSELECT "dishes".* FROM "dishes"[0m
  [1m[35mItem Load (0.3ms)[0m  SELECT "items".* FROM "items" WHERE "items"."dish_id" IN (1)
  [1m[36mIngredient Load (0.3ms)[0m  [1mSELECT "ingredients".* FROM "ingredients" WHERE "ingredients"."item_id" IN (1)[0m
  Rendered ingredients/_ingredient.html.erb (0.1ms)
  Rendered items/_item.html.erb (1.1ms)
  Rendered dishes/_dish.html.erb (2.0ms)
  Rendered dishes/index.html.erb within layouts/application (7.0ms)
Completed 200 OK in 308ms (Views: 306.7ms | ActiveRecord: 0.9ms)


Started GET "/assets/dish.self-e3b0c44298fc1c149afbf4c8996fb92427ae41e4649b934ca495991b7852b855.css?body=1" for ::1 at 2015-08-28 15:02:21 -0400


Started GET "/assets/ingredients.self-e3b0c44298fc1c149afbf4c8996fb92427ae41e4649b934ca495991b7852b855.css?body=1" for ::1 at 2015-08-28 15:02:21 -0400


Started GET "/assets/dish.self-a9bfda95f6c5c630803c6835b40835275fc2b10f0e38ca22e9e8af4d41088e7a.js?body=1" for ::1 at 2015-08-28 15:02:21 -0400


Started GET "/assets/turbolinks.self-c37727e9bd6b2735da5c311aa83fead54ed0be6cc8bd9a65309e9c5abe2cbfff.js?body=1" for ::1 at 2015-08-28 15:02:21 -0400


Started GET "/assets/items.self-e3b0c44298fc1c149afbf4c8996fb92427ae41e4649b934ca495991b7852b855.css?body=1" for ::1 at 2015-08-28 15:02:21 -0400


Started GET "/assets/jquery_ujs.self-ca5248a2fad13d6bd58ea121318d642f195f0b2dd818b30615f785ff365e8d1f.js?body=1" for ::1 at 2015-08-28 15:02:21 -0400


Started GET "/assets/application.self-e80e8f2318043e8af94dddc2adad5a4f09739a8ebb323b3ab31cd71d45fd9113.css?body=1" for ::1 at 2015-08-28 15:02:21 -0400


Started GET "/assets/jquery.self-d03a5518f45df77341bdbe6201ba3bfa547ebba8ed64f0ea56bfa5f96ea7c074.js?body=1" for ::1 at 2015-08-28 15:02:21 -0400


Started GET "/assets/ingredients.self-877aef30ae1b040ab8a3aba4e3e309a11d7f2612f44dde450b5c157aa5f95c05.js?body=1" for ::1 at 2015-08-28 15:02:21 -0400


Started GET "/assets/items.self-877aef30ae1b040ab8a3aba4e3e309a11d7f2612f44dde450b5c157aa5f95c05.js?body=1" for ::1 at 2015-08-28 15:02:21 -0400


Started GET "/assets/application.self-3b8dabdc891efe46b9a144b400ad69e37d7e5876bdc39dee783419a69d7ca819.js?body=1" for ::1 at 2015-08-28 15:02:21 -0400


Started GET "/dishes/new" for ::1 at 2015-08-28 15:02:22 -0400
Processing by DishesController#new as HTML
  Rendered dishes/new.html.erb (1.1ms)
Completed 200 OK in 5ms (Views: 4.5ms | ActiveRecord: 0.0ms)


Started GET "/" for ::1 at 2015-08-28 15:03:01 -0400
Processing by DishesController#index as HTML
  [1m[35mDish Load (0.3ms)[0m  SELECT "dishes".* FROM "dishes"
  [1m[36mItem Load (0.3ms)[0m  [1mSELECT "items".* FROM "items" WHERE "items"."dish_id" IN (1)[0m
  [1m[35mIngredient Load (0.2ms)[0m  SELECT "ingredients".* FROM "ingredients" WHERE "ingredients"."item_id" IN (1)
  Rendered ingredients/_ingredient.html.erb (0.2ms)
  Rendered items/_item.html.erb (1.8ms)
  Rendered dishes/_dish.html.erb (3.0ms)
  Rendered dishes/index.html.erb within layouts/application (7.9ms)
Completed 200 OK in 47ms (Views: 45.8ms | ActiveRecord: 0.8ms)


Started GET "/assets/dish.self-e3b0c44298fc1c149afbf4c8996fb92427ae41e4649b934ca495991b7852b855.css?body=1" for ::1 at 2015-08-28 15:03:01 -0400


Started GET "/assets/items.self-e3b0c44298fc1c149afbf4c8996fb92427ae41e4649b934ca495991b7852b855.css?body=1" for ::1 at 2015-08-28 15:03:01 -0400


Started GET "/assets/ingredients.self-e3b0c44298fc1c149afbf4c8996fb92427ae41e4649b934ca495991b7852b855.css?body=1" for ::1 at 2015-08-28 15:03:01 -0400


Started GET "/assets/turbolinks.self-c37727e9bd6b2735da5c311aa83fead54ed0be6cc8bd9a65309e9c5abe2cbfff.js?body=1" for ::1 at 2015-08-28 15:03:01 -0400


Started GET "/assets/jquery_ujs.self-ca5248a2fad13d6bd58ea121318d642f195f0b2dd818b30615f785ff365e8d1f.js?body=1" for ::1 at 2015-08-28 15:03:01 -0400


Started GET "/assets/application.self-e80e8f2318043e8af94dddc2adad5a4f09739a8ebb323b3ab31cd71d45fd9113.css?body=1" for ::1 at 2015-08-28 15:03:01 -0400


Started GET "/assets/jquery.self-d03a5518f45df77341bdbe6201ba3bfa547ebba8ed64f0ea56bfa5f96ea7c074.js?body=1" for ::1 at 2015-08-28 15:03:01 -0400


Started GET "/assets/dish.self-a9bfda95f6c5c630803c6835b40835275fc2b10f0e38ca22e9e8af4d41088e7a.js?body=1" for ::1 at 2015-08-28 15:03:01 -0400


Started GET "/assets/ingredients.self-877aef30ae1b040ab8a3aba4e3e309a11d7f2612f44dde450b5c157aa5f95c05.js?body=1" for ::1 at 2015-08-28 15:03:01 -0400


Started GET "/assets/items.self-877aef30ae1b040ab8a3aba4e3e309a11d7f2612f44dde450b5c157aa5f95c05.js?body=1" for ::1 at 2015-08-28 15:03:01 -0400


Started GET "/assets/application.self-3b8dabdc891efe46b9a144b400ad69e37d7e5876bdc39dee783419a69d7ca819.js?body=1" for ::1 at 2015-08-28 15:03:01 -0400


Started GET "/dishes/new" for ::1 at 2015-08-28 15:03:02 -0400
Processing by DishesController#new as HTML
  Rendered dishes/new.html.erb (1.6ms)
Completed 200 OK in 6ms (Views: 5.1ms | ActiveRecord: 0.0ms)


Started GET "/" for ::1 at 2015-08-28 15:07:28 -0400
Processing by DishesController#index as HTML
  [1m[36mDish Load (0.3ms)[0m  [1mSELECT "dishes".* FROM "dishes"[0m
  [1m[35mItem Load (0.2ms)[0m  SELECT "items".* FROM "items" WHERE "items"."dish_id" IN (1)
  [1m[36mIngredient Load (0.2ms)[0m  [1mSELECT "ingredients".* FROM "ingredients" WHERE "ingredients"."item_id" IN (1)[0m
  Rendered ingredients/_ingredient.html.erb (0.1ms)
  Rendered items/_item.html.erb (1.5ms)
  Rendered dishes/_dish.html.erb (3.1ms)
  Rendered dishes/index.html.erb within layouts/application (35.5ms)
Completed 200 OK in 323ms (Views: 314.3ms | ActiveRecord: 4.7ms)


Started GET "/assets/dish.self-e3b0c44298fc1c149afbf4c8996fb92427ae41e4649b934ca495991b7852b855.css?body=1" for ::1 at 2015-08-28 15:07:29 -0400


Started GET "/assets/ingredients.self-e3b0c44298fc1c149afbf4c8996fb92427ae41e4649b934ca495991b7852b855.css?body=1" for ::1 at 2015-08-28 15:07:29 -0400


Started GET "/assets/dish.self-f0d459b19f1d1947ef5fe20a8167b0132ed4ea471670c8985c7f0a10f122d886.js?body=1" for ::1 at 2015-08-28 15:07:29 -0400


Started GET "/assets/items.self-e3b0c44298fc1c149afbf4c8996fb92427ae41e4649b934ca495991b7852b855.css?body=1" for ::1 at 2015-08-28 15:07:29 -0400


Started GET "/assets/application.self-e80e8f2318043e8af94dddc2adad5a4f09739a8ebb323b3ab31cd71d45fd9113.css?body=1" for ::1 at 2015-08-28 15:07:29 -0400


Started GET "/assets/jquery.self-d03a5518f45df77341bdbe6201ba3bfa547ebba8ed64f0ea56bfa5f96ea7c074.js?body=1" for ::1 at 2015-08-28 15:07:29 -0400


Started GET "/assets/jquery_ujs.self-ca5248a2fad13d6bd58ea121318d642f195f0b2dd818b30615f785ff365e8d1f.js?body=1" for ::1 at 2015-08-28 15:07:29 -0400


Started GET "/assets/turbolinks.self-c37727e9bd6b2735da5c311aa83fead54ed0be6cc8bd9a65309e9c5abe2cbfff.js?body=1" for ::1 at 2015-08-28 15:07:29 -0400


Started GET "/assets/ingredients.self-877aef30ae1b040ab8a3aba4e3e309a11d7f2612f44dde450b5c157aa5f95c05.js?body=1" for ::1 at 2015-08-28 15:07:29 -0400


Started GET "/assets/items.self-877aef30ae1b040ab8a3aba4e3e309a11d7f2612f44dde450b5c157aa5f95c05.js?body=1" for ::1 at 2015-08-28 15:07:29 -0400


Started GET "/assets/application.self-3b8dabdc891efe46b9a144b400ad69e37d7e5876bdc39dee783419a69d7ca819.js?body=1" for ::1 at 2015-08-28 15:07:29 -0400


Started GET "/dishes/new" for ::1 at 2015-08-28 15:07:30 -0400
Processing by DishesController#new as HTML
  Rendered dishes/new.html.erb (2.2ms)
Completed 200 OK in 7ms (Views: 5.8ms | ActiveRecord: 0.0ms)


Started GET "/" for ::1 at 2015-08-28 15:08:11 -0400
Processing by DishesController#index as HTML
  [1m[35mDish Load (0.3ms)[0m  SELECT "dishes".* FROM "dishes"
  [1m[36mItem Load (0.2ms)[0m  [1mSELECT "items".* FROM "items" WHERE "items"."dish_id" IN (1)[0m
  [1m[35mIngredient Load (0.2ms)[0m  SELECT "ingredients".* FROM "ingredients" WHERE "ingredients"."item_id" IN (1)
  Rendered ingredients/_ingredient.html.erb (0.1ms)
  Rendered items/_item.html.erb (1.0ms)
  Rendered dishes/_dish.html.erb (2.0ms)
  Rendered dishes/index.html.erb within layouts/application (6.5ms)
Completed 200 OK in 44ms (Views: 41.9ms | ActiveRecord: 0.8ms)


Started GET "/assets/dish.self-e3b0c44298fc1c149afbf4c8996fb92427ae41e4649b934ca495991b7852b855.css?body=1" for ::1 at 2015-08-28 15:08:11 -0400


Started GET "/assets/ingredients.self-e3b0c44298fc1c149afbf4c8996fb92427ae41e4649b934ca495991b7852b855.css?body=1" for ::1 at 2015-08-28 15:08:11 -0400


Started GET "/assets/jquery.self-d03a5518f45df77341bdbe6201ba3bfa547ebba8ed64f0ea56bfa5f96ea7c074.js?body=1" for ::1 at 2015-08-28 15:08:11 -0400


Started GET "/assets/jquery_ujs.self-ca5248a2fad13d6bd58ea121318d642f195f0b2dd818b30615f785ff365e8d1f.js?body=1" for ::1 at 2015-08-28 15:08:11 -0400


Started GET "/assets/items.self-e3b0c44298fc1c149afbf4c8996fb92427ae41e4649b934ca495991b7852b855.css?body=1" for ::1 at 2015-08-28 15:08:11 -0400


Started GET "/assets/application.self-e80e8f2318043e8af94dddc2adad5a4f09739a8ebb323b3ab31cd71d45fd9113.css?body=1" for ::1 at 2015-08-28 15:08:11 -0400


Started GET "/assets/turbolinks.self-c37727e9bd6b2735da5c311aa83fead54ed0be6cc8bd9a65309e9c5abe2cbfff.js?body=1" for ::1 at 2015-08-28 15:08:11 -0400


Started GET "/assets/dish.self-f0d459b19f1d1947ef5fe20a8167b0132ed4ea471670c8985c7f0a10f122d886.js?body=1" for ::1 at 2015-08-28 15:08:11 -0400


Started GET "/assets/ingredients.self-877aef30ae1b040ab8a3aba4e3e309a11d7f2612f44dde450b5c157aa5f95c05.js?body=1" for ::1 at 2015-08-28 15:08:11 -0400


Started GET "/assets/items.self-877aef30ae1b040ab8a3aba4e3e309a11d7f2612f44dde450b5c157aa5f95c05.js?body=1" for ::1 at 2015-08-28 15:08:11 -0400


Started GET "/assets/application.self-3b8dabdc891efe46b9a144b400ad69e37d7e5876bdc39dee783419a69d7ca819.js?body=1" for ::1 at 2015-08-28 15:08:11 -0400


Started GET "/dishes/new" for ::1 at 2015-08-28 15:08:13 -0400
Processing by DishesController#new as HTML
  Rendered dishes/new.html.erb (1.9ms)
Completed 200 OK in 7ms (Views: 6.0ms | ActiveRecord: 0.0ms)


Started GET "/" for ::1 at 2015-08-28 15:14:51 -0400
  [1m[36mActiveRecord::SchemaMigration Load (0.6ms)[0m  [1mSELECT "schema_migrations".* FROM "schema_migrations"[0m
Processing by DishesController#index as HTML
  [1m[35mDish Load (0.6ms)[0m  SELECT "dishes".* FROM "dishes"
  [1m[36mItem Load (0.7ms)[0m  [1mSELECT "items".* FROM "items" WHERE "items"."dish_id" IN (1)[0m
  [1m[35mIngredient Load (0.4ms)[0m  SELECT "ingredients".* FROM "ingredients" WHERE "ingredients"."item_id" IN (1)
  Rendered ingredients/_ingredient.html.erb (0.8ms)
  Rendered items/_item.html.erb (19.1ms)
  Rendered dishes/_dish.html.erb (41.1ms)
  Rendered dishes/index.html.erb within layouts/application (214.4ms)
Completed 200 OK in 801ms (Views: 736.2ms | ActiveRecord: 7.0ms)


Started GET "/assets/dish.self-e3b0c44298fc1c149afbf4c8996fb92427ae41e4649b934ca495991b7852b855.css?body=1" for ::1 at 2015-08-28 15:14:52 -0400


Started GET "/assets/ingredients.self-e3b0c44298fc1c149afbf4c8996fb92427ae41e4649b934ca495991b7852b855.css?body=1" for ::1 at 2015-08-28 15:14:52 -0400


Started GET "/assets/items.self-e3b0c44298fc1c149afbf4c8996fb92427ae41e4649b934ca495991b7852b855.css?body=1" for ::1 at 2015-08-28 15:14:52 -0400


Started GET "/assets/application.self-e80e8f2318043e8af94dddc2adad5a4f09739a8ebb323b3ab31cd71d45fd9113.css?body=1" for ::1 at 2015-08-28 15:14:52 -0400


Started GET "/assets/jquery.self-d03a5518f45df77341bdbe6201ba3bfa547ebba8ed64f0ea56bfa5f96ea7c074.js?body=1" for ::1 at 2015-08-28 15:14:52 -0400


Started GET "/assets/jquery_ujs.self-ca5248a2fad13d6bd58ea121318d642f195f0b2dd818b30615f785ff365e8d1f.js?body=1" for ::1 at 2015-08-28 15:14:52 -0400


Started GET "/assets/turbolinks.self-c37727e9bd6b2735da5c311aa83fead54ed0be6cc8bd9a65309e9c5abe2cbfff.js?body=1" for ::1 at 2015-08-28 15:14:52 -0400


Started GET "/assets/dish.self-f0d459b19f1d1947ef5fe20a8167b0132ed4ea471670c8985c7f0a10f122d886.js?body=1" for ::1 at 2015-08-28 15:14:52 -0400


Started GET "/assets/ingredients.self-877aef30ae1b040ab8a3aba4e3e309a11d7f2612f44dde450b5c157aa5f95c05.js?body=1" for ::1 at 2015-08-28 15:14:52 -0400


Started GET "/assets/items.self-877aef30ae1b040ab8a3aba4e3e309a11d7f2612f44dde450b5c157aa5f95c05.js?body=1" for ::1 at 2015-08-28 15:14:52 -0400


Started GET "/assets/application.self-3b8dabdc891efe46b9a144b400ad69e37d7e5876bdc39dee783419a69d7ca819.js?body=1" for ::1 at 2015-08-28 15:14:52 -0400


Started GET "/dishes/new" for ::1 at 2015-08-28 15:14:54 -0400
Processing by DishesController#new as HTML
  Rendered dishes/new.html.erb (105.3ms)
Completed 200 OK in 153ms (Views: 151.7ms | ActiveRecord: 0.0ms)
